2026-05-07T02:41:18.7285233Z Current runner version: '2.334.0'
2026-05-07T02:41:18.7319787Z ##[group]Runner Image Provisioner
2026-05-07T02:41:18.7321042Z Hosted Compute Agent
2026-05-07T02:41:18.7321851Z Version: 20260213.493
2026-05-07T02:41:18.7322788Z Commit: 5c115507f6dd24b8de37d8bbe0bb4509d0cc0fa3
2026-05-07T02:41:18.7323870Z Build Date: 2026-02-13T00:28:41Z
2026-05-07T02:41:18.7324849Z Worker ID: {8670408a-469b-42a7-b4f3-9a69e08a4cde}
2026-05-07T02:41:18.7325935Z Azure Region: northcentralus
2026-05-07T02:41:18.7326799Z ##[endgroup]
2026-05-07T02:41:18.7328585Z ##[group]Operating System
2026-05-07T02:41:18.7329552Z Ubuntu
2026-05-07T02:41:18.7330221Z 24.04.4
2026-05-07T02:41:18.7331102Z LTS
2026-05-07T02:41:18.7331603Z ##[endgroup]
2026-05-07T02:41:18.7332146Z ##[group]Runner Image
2026-05-07T02:41:18.7332663Z Image: ubuntu-24.04
2026-05-07T02:41:18.7333085Z Version: 20260413.86.1
2026-05-07T02:41:18.7334157Z Included Software: https://github.com/actions/runner-images/blob/ubuntu24/20260413.86/images/ubuntu/Ubuntu2404-Readme.md
2026-05-07T02:41:18.7335432Z Image Release: https://github.com/actions/runner-images/releases/tag/ubuntu24%2F20260413.86
2026-05-07T02:41:18.7336193Z ##[endgroup]
2026-05-07T02:41:18.7337065Z ##[group]GITHUB_TOKEN Permissions
2026-05-07T02:41:18.7339131Z Contents: read
2026-05-07T02:41:18.7339613Z Metadata: read
2026-05-07T02:41:18.7340076Z ##[endgroup]
2026-05-07T02:41:18.7342208Z Secret source: Actions
2026-05-07T02:41:18.7343081Z Prepare workflow directory
2026-05-07T02:41:18.7728700Z Prepare all required actions
2026-05-07T02:41:18.7783902Z Getting action download info
2026-05-07T02:41:19.0835896Z Download action repository 'actions/checkout@v4' (SHA:34e114876b0b11c390a56381ad16ebd13914f8d5)
2026-05-07T02:41:19.1874188Z Download action repository 'actions/setup-python@v5' (SHA:a26af69be951a213d495a4c3e4e4022e16d87065)
2026-05-07T02:41:19.2521597Z Download action repository 'actions/upload-artifact@v4' (SHA:ea165f8d65b6e75b540449e92b4886f43607fa02)
2026-05-07T02:41:19.4268911Z Complete job name: build
2026-05-07T02:41:19.4883681Z ##[group]Run actions/checkout@v4
2026-05-07T02:41:19.4884609Z with:
2026-05-07T02:41:19.4885088Z   repository: MiyukiVigil/ParkGuideApp-Backend
2026-05-07T02:41:19.4885816Z   token: ***
2026-05-07T02:41:19.4886335Z   ssh-strict: true
2026-05-07T02:41:19.4886738Z   ssh-user: git
2026-05-07T02:41:19.4887168Z   persist-credentials: true
2026-05-07T02:41:19.4887658Z   clean: true
2026-05-07T02:41:19.4888099Z   sparse-checkout-cone-mode: true
2026-05-07T02:41:19.4888573Z   fetch-depth: 1
2026-05-07T02:41:19.4889037Z   fetch-tags: false
2026-05-07T02:41:19.4889429Z   show-progress: true
2026-05-07T02:41:19.4889855Z   lfs: false
2026-05-07T02:41:19.4890232Z   submodules: false
2026-05-07T02:41:19.4890875Z   set-safe-directory: true
2026-05-07T02:41:19.4891629Z ##[endgroup]
2026-05-07T02:41:19.5923192Z Syncing repository: MiyukiVigil/ParkGuideApp-Backend
2026-05-07T02:41:19.5925065Z ##[group]Getting Git version info
2026-05-07T02:41:19.5926037Z Working directory is '/home/runner/work/ParkGuideApp-Backend/ParkGuideApp-Backend'
2026-05-07T02:41:19.5927201Z [command]/usr/bin/git version
2026-05-07T02:41:19.5954447Z git version 2.53.0
2026-05-07T02:41:19.5976421Z ##[endgroup]
2026-05-07T02:41:19.6088278Z Temporarily overriding HOME='/home/runner/work/_temp/10fa0399-c8cf-4fab-a8ed-9637351e450a' before making global git config changes
2026-05-07T02:41:19.6089555Z Adding repository directory to the temporary git global config as a safe directory
2026-05-07T02:41:19.6091209Z [command]/usr/bin/git config --global --add safe.directory /home/runner/work/ParkGuideApp-Backend/ParkGuideApp-Backend
2026-05-07T02:41:19.6093419Z Deleting the contents of '/home/runner/work/ParkGuideApp-Backend/ParkGuideApp-Backend'
2026-05-07T02:41:19.6094962Z ##[group]Initializing the repository
2026-05-07T02:41:19.6096188Z [command]/usr/bin/git init /home/runner/work/ParkGuideApp-Backend/ParkGuideApp-Backend
2026-05-07T02:41:19.6105125Z hint: Using 'master' as the name for the initial branch. This default branch name
2026-05-07T02:41:19.6106781Z hint: will change to "main" in Git 3.0. To configure the initial branch name
2026-05-07T02:41:19.6107570Z hint: to use in all of your new repositories, which will suppress this warning,
2026-05-07T02:41:19.6108182Z hint: call:
2026-05-07T02:41:19.6108674Z hint:
2026-05-07T02:41:19.6109440Z hint: 	git config --global init.defaultBranch <name>
2026-05-07T02:41:19.6109941Z hint:
2026-05-07T02:41:19.6110424Z hint: Names commonly chosen instead of 'master' are 'main', 'trunk' and
2026-05-07T02:41:19.6111496Z hint: 'development'. The just-created branch can be renamed via this command:
2026-05-07T02:41:19.6112095Z hint:
2026-05-07T02:41:19.6112471Z hint: 	git branch -m <name>
2026-05-07T02:41:19.6113125Z hint:
2026-05-07T02:41:19.6113699Z hint: Disable this message with "git config set advice.defaultBranchName false"
2026-05-07T02:41:19.6114686Z Initialized empty Git repository in /home/runner/work/ParkGuideApp-Backend/ParkGuideApp-Backend/.git/
2026-05-07T02:41:19.6122003Z [command]/usr/bin/git remote add origin https://github.com/MiyukiVigil/ParkGuideApp-Backend
2026-05-07T02:41:19.6147245Z ##[endgroup]
2026-05-07T02:41:19.6148360Z ##[group]Disabling automatic garbage collection
2026-05-07T02:41:19.6152067Z [command]/usr/bin/git config --local gc.auto 0
2026-05-07T02:41:19.6175590Z ##[endgroup]
2026-05-07T02:41:19.6176600Z ##[group]Setting up auth
2026-05-07T02:41:19.6182879Z [command]/usr/bin/git config --local --name-only --get-regexp core\.sshCommand
2026-05-07T02:41:19.6207544Z [command]/usr/bin/git submodule foreach --recursive sh -c "git config --local --name-only --get-regexp 'core\.sshCommand' && git config --local --unset-all 'core.sshCommand' || :"
2026-05-07T02:41:19.6443948Z [command]/usr/bin/git config --local --name-only --get-regexp http\.https\:\/\/github\.com\/\.extraheader
2026-05-07T02:41:19.6469481Z [command]/usr/bin/git submodule foreach --recursive sh -c "git config --local --name-only --get-regexp 'http\.https\:\/\/github\.com\/\.extraheader' && git config --local --unset-all 'http.https://github.com/.extraheader' || :"
2026-05-07T02:41:19.6637048Z [command]/usr/bin/git config --local --name-only --get-regexp ^includeIf\.gitdir:
2026-05-07T02:41:19.6662176Z [command]/usr/bin/git submodule foreach --recursive git config --local --show-origin --name-only --get-regexp remote.origin.url
2026-05-07T02:41:19.6839940Z [command]/usr/bin/git config --local http.https://github.com/.extraheader AUTHORIZATION: basic ***
2026-05-07T02:41:19.6866598Z ##[endgroup]
2026-05-07T02:41:19.6867294Z ##[group]Fetching the repository
2026-05-07T02:41:19.6874772Z [command]/usr/bin/git -c protocol.version=2 fetch --no-tags --prune --no-recurse-submodules --depth=1 origin +2c2fabc03ab49bc3ceb3c7cdb3e5cd8e36c2a873:refs/remotes/origin/CloudServiceInt
2026-05-07T02:41:20.5409421Z From https://github.com/MiyukiVigil/ParkGuideApp-Backend
2026-05-07T02:41:20.5422958Z  * [new ref]         2c2fabc03ab49bc3ceb3c7cdb3e5cd8e36c2a873 -> origin/CloudServiceInt
2026-05-07T02:41:20.5434040Z ##[endgroup]
2026-05-07T02:41:20.5435517Z ##[group]Determining the checkout info
2026-05-07T02:41:20.5437026Z ##[endgroup]
2026-05-07T02:41:20.5442279Z [command]/usr/bin/git sparse-checkout disable
2026-05-07T02:41:20.5475689Z [command]/usr/bin/git config --local --unset-all extensions.worktreeConfig
2026-05-07T02:41:20.5496883Z ##[group]Checking out the ref
2026-05-07T02:41:20.5501203Z [command]/usr/bin/git checkout --progress --force -B CloudServiceInt refs/remotes/origin/CloudServiceInt
2026-05-07T02:41:20.6664027Z Switched to a new branch 'CloudServiceInt'
2026-05-07T02:41:20.6666144Z branch 'CloudServiceInt' set up to track 'origin/CloudServiceInt'.
2026-05-07T02:41:20.6672340Z ##[endgroup]
2026-05-07T02:41:20.6703307Z [command]/usr/bin/git log -1 --format=%H
2026-05-07T02:41:20.6722004Z 2c2fabc03ab49bc3ceb3c7cdb3e5cd8e36c2a873
2026-05-07T02:41:20.7031970Z ##[group]Run actions/setup-python@v5
2026-05-07T02:41:20.7033120Z with:
2026-05-07T02:41:20.7033890Z   python-version: 3.14
2026-05-07T02:41:20.7034821Z   check-latest: false
2026-05-07T02:41:20.7036216Z   token: ***
2026-05-07T02:41:20.7037061Z   update-environment: true
2026-05-07T02:41:20.7038054Z   allow-prereleases: false
2026-05-07T02:41:20.7039029Z   freethreaded: false
2026-05-07T02:41:20.7039906Z ##[endgroup]
2026-05-07T02:41:20.8659245Z ##[group]Installed versions
2026-05-07T02:41:20.8767674Z Successfully set up CPython (3.14.4)
2026-05-07T02:41:20.8769995Z ##[endgroup]
2026-05-07T02:41:20.8901755Z ##[group]Run python -m venv antenv
2026-05-07T02:41:20.8902839Z [36;1mpython -m venv antenv[0m
2026-05-07T02:41:20.8903734Z [36;1msource antenv/bin/activate[0m
2026-05-07T02:41:20.8904730Z [36;1mpip install -r requirements.txt[0m
2026-05-07T02:41:20.8905670Z [36;1m      [0m
2026-05-07T02:41:20.8934337Z shell: /usr/bin/bash -e {0}
2026-05-07T02:41:20.8935176Z env:
2026-05-07T02:41:20.8936011Z   pythonLocation: /opt/hostedtoolcache/Python/3.14.4/x64
2026-05-07T02:41:20.8937400Z   PKG_CONFIG_PATH: /opt/hostedtoolcache/Python/3.14.4/x64/lib/pkgconfig
2026-05-07T02:41:20.8938747Z   Python_ROOT_DIR: /opt/hostedtoolcache/Python/3.14.4/x64
2026-05-07T02:41:20.8940025Z   Python2_ROOT_DIR: /opt/hostedtoolcache/Python/3.14.4/x64
2026-05-07T02:41:20.8941507Z   Python3_ROOT_DIR: /opt/hostedtoolcache/Python/3.14.4/x64
2026-05-07T02:41:20.8942767Z   LD_LIBRARY_PATH: /opt/hostedtoolcache/Python/3.14.4/x64/lib
2026-05-07T02:41:20.8943846Z ##[endgroup]
2026-05-07T02:41:24.2796291Z Collecting Django==6.0.3 (from -r requirements.txt (line 1))
2026-05-07T02:41:24.3365114Z   Downloading django-6.0.3-py3-none-any.whl.metadata (3.9 kB)
2026-05-07T02:41:24.3578897Z Collecting djangorestframework==3.16.1 (from -r requirements.txt (line 2))
2026-05-07T02:41:24.3650002Z   Downloading djangorestframework-3.16.1-py3-none-any.whl.metadata (11 kB)
2026-05-07T02:41:24.3819871Z Collecting djangorestframework-simplejwt==5.5.1 (from -r requirements.txt (line 3))
2026-05-07T02:41:24.3857660Z   Downloading djangorestframework_simplejwt-5.5.1-py3-none-any.whl.metadata (4.6 kB)
2026-05-07T02:41:24.4038879Z Collecting django-cors-headers==4.9.0 (from -r requirements.txt (line 4))
2026-05-07T02:41:24.4073418Z   Downloading django_cors_headers-4.9.0-py3-none-any.whl.metadata (16 kB)
2026-05-07T02:41:24.4240430Z Collecting dj-database-url==3.0.1 (from -r requirements.txt (line 5))
2026-05-07T02:41:24.4316436Z   Downloading dj_database_url-3.0.1-py3-none-any.whl.metadata (14 kB)
2026-05-07T02:41:24.4465162Z Collecting python-dotenv==1.1.1 (from -r requirements.txt (line 6))
2026-05-07T02:41:24.4505519Z   Downloading python_dotenv-1.1.1-py3-none-any.whl.metadata (24 kB)
2026-05-07T02:41:24.5144705Z Collecting psycopg2-binary==2.9.11 (from -r requirements.txt (line 7))
2026-05-07T02:41:24.5202514Z   Downloading psycopg2_binary-2.9.11-cp314-cp314-manylinux2014_x86_64.manylinux_2_17_x86_64.whl.metadata (4.9 kB)
2026-05-07T02:41:24.5357238Z Collecting firebase-admin==7.1.0 (from -r requirements.txt (line 8))
2026-05-07T02:41:24.5406788Z   Downloading firebase_admin-7.1.0-py3-none-any.whl.metadata (1.7 kB)
2026-05-07T02:41:24.6362498Z Collecting reportlab==4.0.9 (from -r requirements.txt (line 9))
2026-05-07T02:41:24.6418635Z   Downloading reportlab-4.0.9-py3-none-any.whl.metadata (1.4 kB)
2026-05-07T02:41:24.6664586Z Collecting whitenoise==6.9.0 (from -r requirements.txt (line 10))
2026-05-07T02:41:24.6736113Z   Downloading whitenoise-6.9.0-py3-none-any.whl.metadata (3.6 kB)
2026-05-07T02:41:24.6934402Z Collecting requests>=2.31.0 (from -r requirements.txt (line 11))
2026-05-07T02:41:24.6969411Z   Downloading requests-2.33.1-py3-none-any.whl.metadata (4.8 kB)
2026-05-07T02:41:24.7118720Z Collecting webauthn>=2.7.1 (from -r requirements.txt (line 12))
2026-05-07T02:41:24.7176993Z   Downloading webauthn-2.7.1-py3-none-any.whl.metadata (5.7 kB)
2026-05-07T02:41:24.8167022Z Collecting ultralytics>=8.0.0 (from -r requirements.txt (line 13))
2026-05-07T02:41:24.8206162Z   Downloading ultralytics-8.4.47-py3-none-any.whl.metadata (39 kB)
2026-05-07T02:41:24.8720357Z Collecting opencv-python-headless>=4.8.0 (from -r requirements.txt (line 14))
2026-05-07T02:41:24.8757553Z   Downloading opencv_python_headless-4.13.0.92-cp37-abi3-manylinux_2_28_x86_64.whl.metadata (19 kB)
2026-05-07T02:41:24.8940618Z Collecting gunicorn>=22.0.0 (from -r requirements.txt (line 15))
2026-05-07T02:41:24.8982973Z   Downloading gunicorn-26.0.0-py3-none-any.whl.metadata (5.4 kB)
2026-05-07T02:41:24.9157488Z Collecting asgiref>=3.9.1 (from Django==6.0.3->-r requirements.txt (line 1))
2026-05-07T02:41:24.9194012Z   Downloading asgiref-3.11.1-py3-none-any.whl.metadata (9.3 kB)
2026-05-07T02:41:24.9320821Z Collecting sqlparse>=0.5.0 (from Django==6.0.3->-r requirements.txt (line 1))
2026-05-07T02:41:24.9372138Z   Downloading sqlparse-0.5.5-py3-none-any.whl.metadata (4.7 kB)
2026-05-07T02:41:24.9555568Z Collecting pyjwt>=1.7.1 (from djangorestframework-simplejwt==5.5.1->-r requirements.txt (line 3))
2026-05-07T02:41:24.9593344Z   Downloading pyjwt-2.12.1-py3-none-any.whl.metadata (4.1 kB)
2026-05-07T02:41:24.9748976Z Collecting cachecontrol>=0.14.3 (from firebase-admin==7.1.0->-r requirements.txt (line 8))
2026-05-07T02:41:24.9787126Z   Downloading cachecontrol-0.14.4-py3-none-any.whl.metadata (3.1 kB)
2026-05-07T02:41:25.0180645Z Collecting google-api-core<3.0.0dev,>=2.25.1 (from google-api-core[grpc]<3.0.0dev,>=2.25.1; platform_python_implementation != "PyPy"->firebase-admin==7.1.0->-r requirements.txt (line 8))
2026-05-07T02:41:25.0229597Z   Downloading google_api_core-2.30.3-py3-none-any.whl.metadata (3.1 kB)
2026-05-07T02:41:25.0418137Z Collecting google-cloud-firestore>=2.21.0 (from firebase-admin==7.1.0->-r requirements.txt (line 8))
2026-05-07T02:41:25.0457544Z   Downloading google_cloud_firestore-2.27.0-py3-none-any.whl.metadata (10.0 kB)
2026-05-07T02:41:25.0668333Z Collecting google-cloud-storage>=3.1.1 (from firebase-admin==7.1.0->-r requirements.txt (line 8))
2026-05-07T02:41:25.0728494Z   Downloading google_cloud_storage-3.10.1-py3-none-any.whl.metadata (15 kB)
2026-05-07T02:41:25.0938650Z Collecting httpx==0.28.1 (from httpx[http2]==0.28.1->firebase-admin==7.1.0->-r requirements.txt (line 8))
2026-05-07T02:41:25.0979395Z   Downloading httpx-0.28.1-py3-none-any.whl.metadata (7.1 kB)
2026-05-07T02:41:25.2374087Z Collecting pillow>=9.0.0 (from reportlab==4.0.9->-r requirements.txt (line 9))
2026-05-07T02:41:25.2416930Z   Downloading pillow-12.2.0-cp314-cp314-manylinux_2_27_x86_64.manylinux_2_28_x86_64.whl.metadata (8.8 kB)
2026-05-07T02:41:25.2682101Z Collecting chardet (from reportlab==4.0.9->-r requirements.txt (line 9))
2026-05-07T02:41:25.2741743Z   Downloading chardet-7.4.3-cp314-cp314-manylinux2014_x86_64.manylinux_2_17_x86_64.manylinux_2_28_x86_64.whl.metadata (9.4 kB)
2026-05-07T02:41:25.2926985Z Collecting anyio (from httpx==0.28.1->httpx[http2]==0.28.1->firebase-admin==7.1.0->-r requirements.txt (line 8))
2026-05-07T02:41:25.2969041Z   Downloading anyio-4.13.0-py3-none-any.whl.metadata (4.5 kB)
2026-05-07T02:41:25.3289788Z Collecting certifi (from httpx==0.28.1->httpx[http2]==0.28.1->firebase-admin==7.1.0->-r requirements.txt (line 8))
2026-05-07T02:41:25.3336873Z   Downloading certifi-2026.4.22-py3-none-any.whl.metadata (2.5 kB)
2026-05-07T02:41:25.3494655Z Collecting httpcore==1.* (from httpx==0.28.1->httpx[http2]==0.28.1->firebase-admin==7.1.0->-r requirements.txt (line 8))
2026-05-07T02:41:25.3532139Z   Downloading httpcore-1.0.9-py3-none-any.whl.metadata (21 kB)
2026-05-07T02:41:25.3673835Z Collecting idna (from httpx==0.28.1->httpx[http2]==0.28.1->firebase-admin==7.1.0->-r requirements.txt (line 8))
2026-05-07T02:41:25.3712576Z   Downloading idna-3.13-py3-none-any.whl.metadata (8.0 kB)
2026-05-07T02:41:25.3864875Z Collecting h2<5,>=3 (from httpx[http2]==0.28.1->firebase-admin==7.1.0->-r requirements.txt (line 8))
2026-05-07T02:41:25.3900376Z   Downloading h2-4.3.0-py3-none-any.whl.metadata (5.1 kB)
2026-05-07T02:41:25.4067321Z Collecting googleapis-common-protos<2.0.0,>=1.63.2 (from google-api-core<3.0.0dev,>=2.25.1->google-api-core[grpc]<3.0.0dev,>=2.25.1; platform_python_implementation != "PyPy"->firebase-admin==7.1.0->-r requirements.txt (line 8))
2026-05-07T02:41:25.4102160Z   Downloading googleapis_common_protos-1.74.0-py3-none-any.whl.metadata (9.2 kB)
2026-05-07T02:41:25.5333185Z Collecting protobuf<8.0.0,>=4.25.8 (from google-api-core<3.0.0dev,>=2.25.1->google-api-core[grpc]<3.0.0dev,>=2.25.1; platform_python_implementation != "PyPy"->firebase-admin==7.1.0->-r requirements.txt (line 8))
2026-05-07T02:41:25.5369655Z   Downloading protobuf-7.34.1-cp310-abi3-manylinux2014_x86_64.whl.metadata (595 bytes)
2026-05-07T02:41:25.5521675Z Collecting proto-plus<2.0.0,>=1.22.3 (from google-api-core<3.0.0dev,>=2.25.1->google-api-core[grpc]<3.0.0dev,>=2.25.1; platform_python_implementation != "PyPy"->firebase-admin==7.1.0->-r requirements.txt (line 8))
2026-05-07T02:41:25.5558968Z   Downloading proto_plus-1.27.2-py3-none-any.whl.metadata (2.2 kB)
2026-05-07T02:41:25.5989626Z Collecting google-auth<3.0.0,>=2.14.1 (from google-api-core<3.0.0dev,>=2.25.1->google-api-core[grpc]<3.0.0dev,>=2.25.1; platform_python_implementation != "PyPy"->firebase-admin==7.1.0->-r requirements.txt (line 8))
2026-05-07T02:41:25.6027911Z   Downloading google_auth-2.50.0-py3-none-any.whl.metadata (6.2 kB)
2026-05-07T02:41:25.6850303Z Collecting charset_normalizer<4,>=2 (from requests>=2.31.0->-r requirements.txt (line 11))
2026-05-07T02:41:25.6892347Z   Downloading charset_normalizer-3.4.7-cp314-cp314-manylinux2014_x86_64.manylinux_2_17_x86_64.manylinux_2_28_x86_64.whl.metadata (40 kB)
2026-05-07T02:41:25.7122024Z Collecting urllib3<3,>=1.26 (from requests>=2.31.0->-r requirements.txt (line 11))
2026-05-07T02:41:25.7158449Z   Downloading urllib3-2.6.3-py3-none-any.whl.metadata (6.9 kB)
2026-05-07T02:41:26.1287483Z Collecting grpcio<2.0.0,>=1.33.2 (from google-api-core[grpc]<3.0.0dev,>=2.25.1; platform_python_implementation != "PyPy"->firebase-admin==7.1.0->-r requirements.txt (line 8))
2026-05-07T02:41:26.1327169Z   Downloading grpcio-1.80.0-cp314-cp314-manylinux2014_x86_64.manylinux_2_17_x86_64.whl.metadata (3.8 kB)
2026-05-07T02:41:26.1661211Z Collecting grpcio-status<2.0.0,>=1.33.2 (from google-api-core[grpc]<3.0.0dev,>=2.25.1; platform_python_implementation != "PyPy"->firebase-admin==7.1.0->-r requirements.txt (line 8))
2026-05-07T02:41:26.1696438Z   Downloading grpcio_status-1.80.0-py3-none-any.whl.metadata (1.3 kB)
2026-05-07T02:41:26.1919019Z Collecting pyasn1-modules>=0.2.1 (from google-auth<3.0.0,>=2.14.1->google-api-core<3.0.0dev,>=2.25.1->google-api-core[grpc]<3.0.0dev,>=2.25.1; platform_python_implementation != "PyPy"->firebase-admin==7.1.0->-r requirements.txt (line 8))
2026-05-07T02:41:26.1958352Z   Downloading pyasn1_modules-0.4.2-py3-none-any.whl.metadata (3.5 kB)
2026-05-07T02:41:26.3413262Z Collecting cryptography>=38.0.3 (from google-auth<3.0.0,>=2.14.1->google-api-core<3.0.0dev,>=2.25.1->google-api-core[grpc]<3.0.0dev,>=2.25.1; platform_python_implementation != "PyPy"->firebase-admin==7.1.0->-r requirements.txt (line 8))
2026-05-07T02:41:26.3455411Z   Downloading cryptography-48.0.0-cp311-abi3-manylinux_2_34_x86_64.whl.metadata (4.3 kB)
2026-05-07T02:41:26.3639983Z Collecting typing-extensions~=4.12 (from grpcio<2.0.0,>=1.33.2->google-api-core[grpc]<3.0.0dev,>=2.25.1; platform_python_implementation != "PyPy"->firebase-admin==7.1.0->-r requirements.txt (line 8))
2026-05-07T02:41:26.3679369Z   Downloading typing_extensions-4.15.0-py3-none-any.whl.metadata (3.3 kB)
2026-05-07T02:41:26.3755826Z Collecting protobuf<8.0.0,>=4.25.8 (from google-api-core<3.0.0dev,>=2.25.1->google-api-core[grpc]<3.0.0dev,>=2.25.1; platform_python_implementation != "PyPy"->firebase-admin==7.1.0->-r requirements.txt (line 8))
2026-05-07T02:41:26.3790328Z   Downloading protobuf-6.33.6-cp39-abi3-manylinux2014_x86_64.whl.metadata (593 bytes)
2026-05-07T02:41:26.3949986Z Collecting hyperframe<7,>=6.1 (from h2<5,>=3->httpx[http2]==0.28.1->firebase-admin==7.1.0->-r requirements.txt (line 8))
2026-05-07T02:41:26.3990303Z   Downloading hyperframe-6.1.0-py3-none-any.whl.metadata (4.3 kB)
2026-05-07T02:41:26.4104653Z Collecting hpack<5,>=4.1 (from h2<5,>=3->httpx[http2]==0.28.1->firebase-admin==7.1.0->-r requirements.txt (line 8))
2026-05-07T02:41:26.4137420Z   Downloading hpack-4.1.0-py3-none-any.whl.metadata (4.6 kB)
2026-05-07T02:41:26.4250224Z Collecting h11>=0.16 (from httpcore==1.*->httpx==0.28.1->httpx[http2]==0.28.1->firebase-admin==7.1.0->-r requirements.txt (line 8))
2026-05-07T02:41:26.4287656Z   Downloading h11-0.16.0-py3-none-any.whl.metadata (8.3 kB)
2026-05-07T02:41:26.4501172Z Collecting pyasn1>=0.6.2 (from webauthn>=2.7.1->-r requirements.txt (line 12))
2026-05-07T02:41:26.4540011Z   Downloading pyasn1-0.6.3-py3-none-any.whl.metadata (8.4 kB)
2026-05-07T02:41:26.4982782Z Collecting cbor2>=5.6.5 (from webauthn>=2.7.1->-r requirements.txt (line 12))
2026-05-07T02:41:26.5020423Z   Downloading cbor2-6.0.1-cp314-cp314-manylinux_2_28_x86_64.whl.metadata (5.5 kB)
2026-05-07T02:41:26.5208659Z Collecting pyOpenSSL>=25.0.0 (from webauthn>=2.7.1->-r requirements.txt (line 12))
2026-05-07T02:41:26.5244187Z   Downloading pyopenssl-26.2.0-py3-none-any.whl.metadata (19 kB)
2026-05-07T02:41:26.6757674Z Collecting numpy>=1.23.0 (from ultralytics>=8.0.0->-r requirements.txt (line 13))
2026-05-07T02:41:26.6795465Z   Downloading numpy-2.4.4-cp314-cp314-manylinux_2_27_x86_64.manylinux_2_28_x86_64.whl.metadata (6.6 kB)
2026-05-07T02:41:26.7851890Z Collecting matplotlib>=3.3.0 (from ultralytics>=8.0.0->-r requirements.txt (line 13))
2026-05-07T02:41:26.7945152Z   Downloading matplotlib-3.10.9-cp314-cp314-manylinux_2_27_x86_64.manylinux_2_28_x86_64.whl.metadata (52 kB)
2026-05-07T02:41:26.8521406Z Collecting opencv-python>=4.6.0 (from ultralytics>=8.0.0->-r requirements.txt (line 13))
2026-05-07T02:41:26.8562267Z   Downloading opencv_python-4.13.0.92-cp37-abi3-manylinux_2_28_x86_64.whl.metadata (19 kB)
2026-05-07T02:41:26.8895488Z Collecting pyyaml>=5.3.1 (from ultralytics>=8.0.0->-r requirements.txt (line 13))
2026-05-07T02:41:26.8939089Z   Downloading pyyaml-6.0.3-cp314-cp314-manylinux2014_x86_64.manylinux_2_17_x86_64.manylinux_2_28_x86_64.whl.metadata (2.4 kB)
2026-05-07T02:41:26.9960358Z Collecting scipy>=1.4.1 (from ultralytics>=8.0.0->-r requirements.txt (line 13))
2026-05-07T02:41:26.9999183Z   Downloading scipy-1.17.1-cp314-cp314-manylinux_2_27_x86_64.manylinux_2_28_x86_64.whl.metadata (62 kB)
2026-05-07T02:41:27.0483047Z Collecting torch>=1.8.0 (from ultralytics>=8.0.0->-r requirements.txt (line 13))
2026-05-07T02:41:27.0531578Z   Downloading torch-2.11.0-cp314-cp314-manylinux_2_28_x86_64.whl.metadata (29 kB)
2026-05-07T02:41:27.0975163Z Collecting torchvision>=0.9.0 (from ultralytics>=8.0.0->-r requirements.txt (line 13))
2026-05-07T02:41:27.1021660Z   Downloading torchvision-0.26.0-cp314-cp314-manylinux_2_28_x86_64.whl.metadata (5.5 kB)
2026-05-07T02:41:27.1848466Z Collecting psutil>=5.8.0 (from ultralytics>=8.0.0->-r requirements.txt (line 13))
2026-05-07T02:41:27.1884699Z   Downloading psutil-7.2.2-cp36-abi3-manylinux2010_x86_64.manylinux_2_12_x86_64.manylinux_2_28_x86_64.whl.metadata (22 kB)
2026-05-07T02:41:27.2918381Z Collecting polars>=0.20.0 (from ultralytics>=8.0.0->-r requirements.txt (line 13))
2026-05-07T02:41:27.2963303Z   Downloading polars-1.40.1-py3-none-any.whl.metadata (10 kB)
2026-05-07T02:41:27.3127738Z Collecting ultralytics-thop>=2.0.18 (from ultralytics>=8.0.0->-r requirements.txt (line 13))
2026-05-07T02:41:27.3162471Z   Downloading ultralytics_thop-2.0.19-py3-none-any.whl.metadata (14 kB)
2026-05-07T02:41:27.3416124Z Collecting packaging (from gunicorn>=22.0.0->-r requirements.txt (line 15))
2026-05-07T02:41:27.3450276Z   Downloading packaging-26.2-py3-none-any.whl.metadata (3.5 kB)
2026-05-07T02:41:27.4053131Z Collecting msgpack<2.0.0,>=0.5.2 (from cachecontrol>=0.14.3->firebase-admin==7.1.0->-r requirements.txt (line 8))
2026-05-07T02:41:27.4092165Z   Downloading msgpack-1.1.2-cp314-cp314-manylinux2014_x86_64.manylinux_2_17_x86_64.manylinux_2_28_x86_64.whl.metadata (8.1 kB)
2026-05-07T02:41:27.4993285Z Collecting cffi>=2.0.0 (from cryptography>=38.0.3->google-auth<3.0.0,>=2.14.1->google-api-core<3.0.0dev,>=2.25.1->google-api-core[grpc]<3.0.0dev,>=2.25.1; platform_python_implementation != "PyPy"->firebase-admin==7.1.0->-r requirements.txt (line 8))
2026-05-07T02:41:27.5031163Z   Downloading cffi-2.0.0-cp314-cp314-manylinux2014_x86_64.manylinux_2_17_x86_64.whl.metadata (2.6 kB)
2026-05-07T02:41:27.5166719Z Collecting pycparser (from cffi>=2.0.0->cryptography>=38.0.3->google-auth<3.0.0,>=2.14.1->google-api-core<3.0.0dev,>=2.25.1->google-api-core[grpc]<3.0.0dev,>=2.25.1; platform_python_implementation != "PyPy"->firebase-admin==7.1.0->-r requirements.txt (line 8))
2026-05-07T02:41:27.5205272Z   Downloading pycparser-3.0-py3-none-any.whl.metadata (8.2 kB)
2026-05-07T02:41:27.5449410Z Collecting google-cloud-core<3.0.0,>=2.0.0 (from google-cloud-firestore>=2.21.0->firebase-admin==7.1.0->-r requirements.txt (line 8))
2026-05-07T02:41:27.5487564Z   Downloading google_cloud_core-2.5.1-py3-none-any.whl.metadata (2.8 kB)
2026-05-07T02:41:27.5699596Z Collecting google-resumable-media<3.0.0,>=2.7.2 (from google-cloud-storage>=3.1.1->firebase-admin==7.1.0->-r requirements.txt (line 8))
2026-05-07T02:41:27.5750720Z   Downloading google_resumable_media-2.8.2-py3-none-any.whl.metadata (2.2 kB)
2026-05-07T02:41:27.6182031Z Collecting google-crc32c<2.0.0,>=1.1.3 (from google-cloud-storage>=3.1.1->firebase-admin==7.1.0->-r requirements.txt (line 8))
2026-05-07T02:41:27.6224012Z   Downloading google_crc32c-1.8.0-cp314-cp314-manylinux1_x86_64.manylinux2014_x86_64.manylinux_2_17_x86_64.manylinux_2_5_x86_64.whl.metadata (1.7 kB)
2026-05-07T02:41:27.6794550Z Collecting contourpy>=1.0.1 (from matplotlib>=3.3.0->ultralytics>=8.0.0->-r requirements.txt (line 13))
2026-05-07T02:41:27.6848997Z   Downloading contourpy-1.3.3-cp314-cp314-manylinux_2_27_x86_64.manylinux_2_28_x86_64.whl.metadata (5.5 kB)
2026-05-07T02:41:27.6976554Z Collecting cycler>=0.10 (from matplotlib>=3.3.0->ultralytics>=8.0.0->-r requirements.txt (line 13))
2026-05-07T02:41:27.7011595Z   Downloading cycler-0.12.1-py3-none-any.whl.metadata (3.8 kB)
2026-05-07T02:41:27.8237113Z Collecting fonttools>=4.22.0 (from matplotlib>=3.3.0->ultralytics>=8.0.0->-r requirements.txt (line 13))
2026-05-07T02:41:27.8274570Z   Downloading fonttools-4.62.1-cp314-cp314-manylinux2014_x86_64.manylinux_2_17_x86_64.whl.metadata (117 kB)
2026-05-07T02:41:27.9535693Z Collecting kiwisolver>=1.3.1 (from matplotlib>=3.3.0->ultralytics>=8.0.0->-r requirements.txt (line 13))
2026-05-07T02:41:27.9577606Z   Downloading kiwisolver-1.5.0-cp314-cp314-manylinux2014_x86_64.manylinux_2_17_x86_64.whl.metadata (5.1 kB)
2026-05-07T02:41:27.9827351Z Collecting pyparsing>=3 (from matplotlib>=3.3.0->ultralytics>=8.0.0->-r requirements.txt (line 13))
2026-05-07T02:41:27.9863545Z   Downloading pyparsing-3.3.2-py3-none-any.whl.metadata (5.8 kB)
2026-05-07T02:41:28.0002993Z Collecting python-dateutil>=2.7 (from matplotlib>=3.3.0->ultralytics>=8.0.0->-r requirements.txt (line 13))
2026-05-07T02:41:28.0038994Z   Downloading python_dateutil-2.9.0.post0-py2.py3-none-any.whl.metadata (8.4 kB)
2026-05-07T02:41:28.0283471Z Collecting polars-runtime-32==1.40.1 (from polars>=0.20.0->ultralytics>=8.0.0->-r requirements.txt (line 13))
2026-05-07T02:41:28.0322576Z   Downloading polars_runtime_32-1.40.1-cp310-abi3-manylinux_2_17_x86_64.manylinux2014_x86_64.whl.metadata (1.5 kB)
2026-05-07T02:41:28.0609304Z Collecting six>=1.5 (from python-dateutil>=2.7->matplotlib>=3.3.0->ultralytics>=8.0.0->-r requirements.txt (line 13))
2026-05-07T02:41:28.0645396Z   Downloading six-1.17.0-py2.py3-none-any.whl.metadata (1.7 kB)
2026-05-07T02:41:28.0914582Z Collecting filelock (from torch>=1.8.0->ultralytics>=8.0.0->-r requirements.txt (line 13))
2026-05-07T02:41:28.0952386Z   Downloading filelock-3.29.0-py3-none-any.whl.metadata (2.0 kB)
2026-05-07T02:41:28.1823630Z Collecting setuptools<82 (from torch>=1.8.0->ultralytics>=8.0.0->-r requirements.txt (line 13))
2026-05-07T02:41:28.1859054Z   Downloading setuptools-81.0.0-py3-none-any.whl.metadata (6.6 kB)
2026-05-07T02:41:28.2061228Z Collecting sympy>=1.13.3 (from torch>=1.8.0->ultralytics>=8.0.0->-r requirements.txt (line 13))
2026-05-07T02:41:28.2097085Z   Downloading sympy-1.14.0-py3-none-any.whl.metadata (12 kB)
2026-05-07T02:41:28.2322849Z Collecting networkx>=2.5.1 (from torch>=1.8.0->ultralytics>=8.0.0->-r requirements.txt (line 13))
2026-05-07T02:41:28.2364352Z   Downloading networkx-3.6.1-py3-none-any.whl.metadata (6.8 kB)
2026-05-07T02:41:28.2545745Z Collecting jinja2 (from torch>=1.8.0->ultralytics>=8.0.0->-r requirements.txt (line 13))
2026-05-07T02:41:28.2581419Z   Downloading jinja2-3.1.6-py3-none-any.whl.metadata (2.9 kB)
2026-05-07T02:41:28.2767085Z Collecting fsspec>=0.8.5 (from torch>=1.8.0->ultralytics>=8.0.0->-r requirements.txt (line 13))
2026-05-07T02:41:28.2822257Z   Downloading fsspec-2026.4.0-py3-none-any.whl.metadata (10 kB)
2026-05-07T02:41:28.3089069Z Collecting cuda-toolkit==13.0.2 (from cuda-toolkit[cublas,cudart,cufft,cufile,cupti,curand,cusolver,cusparse,nvjitlink,nvrtc,nvtx]==13.0.2; platform_system == "Linux"->torch>=1.8.0->ultralytics>=8.0.0->-r requirements.txt (line 13))
2026-05-07T02:41:28.3124537Z   Downloading cuda_toolkit-13.0.2-py2.py3-none-any.whl.metadata (9.4 kB)
2026-05-07T02:41:28.3449246Z Collecting cuda-bindings<14,>=13.0.3 (from torch>=1.8.0->ultralytics>=8.0.0->-r requirements.txt (line 13))
2026-05-07T02:41:28.3516665Z   Downloading cuda_bindings-13.2.0-cp314-cp314-manylinux_2_24_x86_64.manylinux_2_28_x86_64.whl.metadata (2.3 kB)
2026-05-07T02:41:28.3639808Z Collecting nvidia-cudnn-cu13==9.19.0.56 (from torch>=1.8.0->ultralytics>=8.0.0->-r requirements.txt (line 13))
2026-05-07T02:41:28.3675673Z   Downloading nvidia_cudnn_cu13-9.19.0.56-py3-none-manylinux_2_27_x86_64.whl.metadata (1.9 kB)
2026-05-07T02:41:28.3779838Z Collecting nvidia-cusparselt-cu13==0.8.0 (from torch>=1.8.0->ultralytics>=8.0.0->-r requirements.txt (line 13))
2026-05-07T02:41:28.3820452Z   Downloading nvidia_cusparselt_cu13-0.8.0-py3-none-manylinux2014_x86_64.whl.metadata (12 kB)
2026-05-07T02:41:28.3954518Z Collecting nvidia-nccl-cu13==2.28.9 (from torch>=1.8.0->ultralytics>=8.0.0->-r requirements.txt (line 13))
2026-05-07T02:41:28.3988728Z   Downloading nvidia_nccl_cu13-2.28.9-py3-none-manylinux_2_18_x86_64.whl.metadata (2.0 kB)
2026-05-07T02:41:28.4107450Z Collecting nvidia-nvshmem-cu13==3.4.5 (from torch>=1.8.0->ultralytics>=8.0.0->-r requirements.txt (line 13))
2026-05-07T02:41:28.4154886Z   Downloading nvidia_nvshmem_cu13-3.4.5-py3-none-manylinux2014_x86_64.manylinux_2_17_x86_64.whl.metadata (2.1 kB)
2026-05-07T02:41:28.4306487Z Collecting triton==3.6.0 (from torch>=1.8.0->ultralytics>=8.0.0->-r requirements.txt (line 13))
2026-05-07T02:41:28.4382810Z   Downloading triton-3.6.0-cp314-cp314-manylinux_2_27_x86_64.manylinux_2_28_x86_64.whl.metadata (1.7 kB)
2026-05-07T02:41:28.4578502Z Collecting nvidia-cublas==13.1.0.3.* (from cuda-toolkit[cublas,cudart,cufft,cufile,cupti,curand,cusolver,cusparse,nvjitlink,nvrtc,nvtx]==13.0.2; platform_system == "Linux"->torch>=1.8.0->ultralytics>=8.0.0->-r requirements.txt (line 13))
2026-05-07T02:41:28.4611395Z   Downloading nvidia_cublas-13.1.0.3-py3-none-manylinux_2_27_x86_64.whl.metadata (1.7 kB)
2026-05-07T02:41:28.4751239Z Collecting nvidia-cuda-runtime==13.0.96.* (from cuda-toolkit[cublas,cudart,cufft,cufile,cupti,curand,cusolver,cusparse,nvjitlink,nvrtc,nvtx]==13.0.2; platform_system == "Linux"->torch>=1.8.0->ultralytics>=8.0.0->-r requirements.txt (line 13))
2026-05-07T02:41:28.4902152Z   Downloading nvidia_cuda_runtime-13.0.96-py3-none-manylinux2014_x86_64.manylinux_2_17_x86_64.whl.metadata (1.7 kB)
2026-05-07T02:41:28.5044377Z Collecting nvidia-cufft==12.0.0.61.* (from cuda-toolkit[cublas,cudart,cufft,cufile,cupti,curand,cusolver,cusparse,nvjitlink,nvrtc,nvtx]==13.0.2; platform_system == "Linux"->torch>=1.8.0->ultralytics>=8.0.0->-r requirements.txt (line 13))
2026-05-07T02:41:28.5076891Z   Downloading nvidia_cufft-12.0.0.61-py3-none-manylinux2014_x86_64.manylinux_2_17_x86_64.whl.metadata (1.8 kB)
2026-05-07T02:41:28.5192300Z Collecting nvidia-cufile==1.15.1.6.* (from cuda-toolkit[cublas,cudart,cufft,cufile,cupti,curand,cusolver,cusparse,nvjitlink,nvrtc,nvtx]==13.0.2; platform_system == "Linux"->torch>=1.8.0->ultralytics>=8.0.0->-r requirements.txt (line 13))
2026-05-07T02:41:28.5226484Z   Downloading nvidia_cufile-1.15.1.6-py3-none-manylinux2014_x86_64.manylinux_2_17_x86_64.whl.metadata (1.7 kB)
2026-05-07T02:41:28.5353639Z Collecting nvidia-cuda-cupti==13.0.85.* (from cuda-toolkit[cublas,cudart,cufft,cufile,cupti,curand,cusolver,cusparse,nvjitlink,nvrtc,nvtx]==13.0.2; platform_system == "Linux"->torch>=1.8.0->ultralytics>=8.0.0->-r requirements.txt (line 13))
2026-05-07T02:41:28.5389229Z   Downloading nvidia_cuda_cupti-13.0.85-py3-none-manylinux_2_25_x86_64.whl.metadata (1.7 kB)
2026-05-07T02:41:28.5561472Z Collecting nvidia-curand==10.4.0.35.* (from cuda-toolkit[cublas,cudart,cufft,cufile,cupti,curand,cusolver,cusparse,nvjitlink,nvrtc,nvtx]==13.0.2; platform_system == "Linux"->torch>=1.8.0->ultralytics>=8.0.0->-r requirements.txt (line 13))
2026-05-07T02:41:28.5595632Z   Downloading nvidia_curand-10.4.0.35-py3-none-manylinux_2_27_x86_64.whl.metadata (1.7 kB)
2026-05-07T02:41:28.5707405Z Collecting nvidia-cusolver==12.0.4.66.* (from cuda-toolkit[cublas,cudart,cufft,cufile,cupti,curand,cusolver,cusparse,nvjitlink,nvrtc,nvtx]==13.0.2; platform_system == "Linux"->torch>=1.8.0->ultralytics>=8.0.0->-r requirements.txt (line 13))
2026-05-07T02:41:28.5740695Z   Downloading nvidia_cusolver-12.0.4.66-py3-none-manylinux_2_27_x86_64.whl.metadata (1.8 kB)
2026-05-07T02:41:28.5850424Z Collecting nvidia-cusparse==12.6.3.3.* (from cuda-toolkit[cublas,cudart,cufft,cufile,cupti,curand,cusolver,cusparse,nvjitlink,nvrtc,nvtx]==13.0.2; platform_system == "Linux"->torch>=1.8.0->ultralytics>=8.0.0->-r requirements.txt (line 13))
2026-05-07T02:41:28.5885850Z   Downloading nvidia_cusparse-12.6.3.3-py3-none-manylinux2014_x86_64.manylinux_2_17_x86_64.whl.metadata (1.8 kB)
2026-05-07T02:41:28.6009980Z Collecting nvidia-nvjitlink==13.0.88.* (from cuda-toolkit[cublas,cudart,cufft,cufile,cupti,curand,cusolver,cusparse,nvjitlink,nvrtc,nvtx]==13.0.2; platform_system == "Linux"->torch>=1.8.0->ultralytics>=8.0.0->-r requirements.txt (line 13))
2026-05-07T02:41:28.6054019Z   Downloading nvidia_nvjitlink-13.0.88-py3-none-manylinux2010_x86_64.manylinux_2_12_x86_64.whl.metadata (1.7 kB)
2026-05-07T02:41:28.6217715Z Collecting nvidia-cuda-nvrtc==13.0.88.* (from cuda-toolkit[cublas,cudart,cufft,cufile,cupti,curand,cusolver,cusparse,nvjitlink,nvrtc,nvtx]==13.0.2; platform_system == "Linux"->torch>=1.8.0->ultralytics>=8.0.0->-r requirements.txt (line 13))
2026-05-07T02:41:28.6251981Z   Downloading nvidia_cuda_nvrtc-13.0.88-py3-none-manylinux2010_x86_64.manylinux_2_12_x86_64.whl.metadata (1.7 kB)
2026-05-07T02:41:28.6406544Z Collecting nvidia-nvtx==13.0.85.* (from cuda-toolkit[cublas,cudart,cufft,cufile,cupti,curand,cusolver,cusparse,nvjitlink,nvrtc,nvtx]==13.0.2; platform_system == "Linux"->torch>=1.8.0->ultralytics>=8.0.0->-r requirements.txt (line 13))
2026-05-07T02:41:28.6467495Z   Downloading nvidia_nvtx-13.0.85-py3-none-manylinux1_x86_64.manylinux_2_5_x86_64.whl.metadata (1.8 kB)
2026-05-07T02:41:28.6627276Z Collecting cuda-pathfinder~=1.1 (from cuda-bindings<14,>=13.0.3->torch>=1.8.0->ultralytics>=8.0.0->-r requirements.txt (line 13))
2026-05-07T02:41:28.6673014Z   Downloading cuda_pathfinder-1.5.4-py3-none-any.whl.metadata (1.9 kB)
2026-05-07T02:41:28.6933151Z Collecting mpmath<1.4,>=1.1.0 (from sympy>=1.13.3->torch>=1.8.0->ultralytics>=8.0.0->-r requirements.txt (line 13))
2026-05-07T02:41:28.6968133Z   Downloading mpmath-1.3.0-py3-none-any.whl.metadata (8.6 kB)
2026-05-07T02:41:28.7496612Z Collecting MarkupSafe>=2.0 (from jinja2->torch>=1.8.0->ultralytics>=8.0.0->-r requirements.txt (line 13))
2026-05-07T02:41:28.7539793Z   Downloading markupsafe-3.0.3-cp314-cp314-manylinux2014_x86_64.manylinux_2_17_x86_64.manylinux_2_28_x86_64.whl.metadata (2.7 kB)
2026-05-07T02:41:28.7670889Z Downloading django-6.0.3-py3-none-any.whl (8.4 MB)
2026-05-07T02:41:28.8273050Z    ━━━━━━━━━━━━━━━━━━━━━━━━━━━━━━━━━━━━━━━━ 8.4/8.4 MB 144.6 MB/s  0:00:00
2026-05-07T02:41:28.8319506Z Downloading djangorestframework-3.16.1-py3-none-any.whl (1.1 MB)
2026-05-07T02:41:28.8406150Z    ━━━━━━━━━━━━━━━━━━━━━━━━━━━━━━━━━━━━━━━━ 1.1/1.1 MB 177.7 MB/s  0:00:00
2026-05-07T02:41:28.8488520Z Downloading djangorestframework_simplejwt-5.5.1-py3-none-any.whl (107 kB)
2026-05-07T02:41:28.8547861Z Downloading django_cors_headers-4.9.0-py3-none-any.whl (12 kB)
2026-05-07T02:41:28.8616492Z Downloading dj_database_url-3.0.1-py3-none-any.whl (8.8 kB)
2026-05-07T02:41:28.8668302Z Downloading python_dotenv-1.1.1-py3-none-any.whl (20 kB)
2026-05-07T02:41:28.8744408Z Downloading psycopg2_binary-2.9.11-cp314-cp314-manylinux2014_x86_64.manylinux_2_17_x86_64.whl (4.2 MB)
2026-05-07T02:41:28.8926353Z    ━━━━━━━━━━━━━━━━━━━━━━━━━━━━━━━━━━━━━━━━ 4.2/4.2 MB 243.6 MB/s  0:00:00
2026-05-07T02:41:28.8966351Z Downloading firebase_admin-7.1.0-py3-none-any.whl (137 kB)
2026-05-07T02:41:28.9064449Z Downloading reportlab-4.0.9-py3-none-any.whl (1.9 MB)
2026-05-07T02:41:28.9353938Z    ━━━━━━━━━━━━━━━━━━━━━━━━━━━━━━━━━━━━━━━━ 1.9/1.9 MB 62.8 MB/s  0:00:00
2026-05-07T02:41:28.9408469Z Downloading whitenoise-6.9.0-py3-none-any.whl (20 kB)
2026-05-07T02:41:28.9465816Z Downloading httpx-0.28.1-py3-none-any.whl (73 kB)
2026-05-07T02:41:28.9530680Z Downloading google_api_core-2.30.3-py3-none-any.whl (173 kB)
2026-05-07T02:41:28.9599194Z Downloading requests-2.33.1-py3-none-any.whl (64 kB)
2026-05-07T02:41:28.9662594Z Downloading charset_normalizer-3.4.7-cp314-cp314-manylinux2014_x86_64.manylinux_2_17_x86_64.manylinux_2_28_x86_64.whl (215 kB)
2026-05-07T02:41:28.9731192Z Downloading google_auth-2.50.0-py3-none-any.whl (246 kB)
2026-05-07T02:41:28.9793538Z Downloading googleapis_common_protos-1.74.0-py3-none-any.whl (300 kB)
2026-05-07T02:41:28.9872645Z Downloading grpcio-1.80.0-cp314-cp314-manylinux2014_x86_64.manylinux_2_17_x86_64.whl (6.8 MB)
2026-05-07T02:41:29.0257992Z    ━━━━━━━━━━━━━━━━━━━━━━━━━━━━━━━━━━━━━━━━ 6.8/6.8 MB 179.9 MB/s  0:00:00
2026-05-07T02:41:29.0325301Z Downloading grpcio_status-1.80.0-py3-none-any.whl (14 kB)
2026-05-07T02:41:29.0385935Z Downloading h2-4.3.0-py3-none-any.whl (61 kB)
2026-05-07T02:41:29.0443305Z Downloading hpack-4.1.0-py3-none-any.whl (34 kB)
2026-05-07T02:41:29.0505378Z Downloading httpcore-1.0.9-py3-none-any.whl (78 kB)
2026-05-07T02:41:29.0575784Z Downloading hyperframe-6.1.0-py3-none-any.whl (13 kB)
2026-05-07T02:41:29.0644807Z Downloading idna-3.13-py3-none-any.whl (68 kB)
2026-05-07T02:41:29.0702680Z Downloading proto_plus-1.27.2-py3-none-any.whl (50 kB)
2026-05-07T02:41:29.0799975Z Downloading protobuf-6.33.6-cp39-abi3-manylinux2014_x86_64.whl (323 kB)
2026-05-07T02:41:29.0874262Z Downloading typing_extensions-4.15.0-py3-none-any.whl (44 kB)
2026-05-07T02:41:29.0941557Z Downloading urllib3-2.6.3-py3-none-any.whl (131 kB)
2026-05-07T02:41:29.1013462Z Downloading webauthn-2.7.1-py3-none-any.whl (71 kB)
2026-05-07T02:41:29.1087079Z Downloading ultralytics-8.4.47-py3-none-any.whl (1.2 MB)
2026-05-07T02:41:29.1168485Z    ━━━━━━━━━━━━━━━━━━━━━━━━━━━━━━━━━━━━━━━━ 1.2/1.2 MB 159.6 MB/s  0:00:00
2026-05-07T02:41:29.1206324Z Downloading opencv_python_headless-4.13.0.92-cp37-abi3-manylinux_2_28_x86_64.whl (60.4 MB)
2026-05-07T02:41:29.3005450Z    ━━━━━━━━━━━━━━━━━━━━━━━━━━━━━━━━━━━━━━━━ 60.4/60.4 MB 338.8 MB/s  0:00:00
2026-05-07T02:41:29.3046001Z Downloading gunicorn-26.0.0-py3-none-any.whl (212 kB)
2026-05-07T02:41:29.3106250Z Downloading asgiref-3.11.1-py3-none-any.whl (24 kB)
2026-05-07T02:41:29.3182145Z Downloading cachecontrol-0.14.4-py3-none-any.whl (22 kB)
2026-05-07T02:41:29.3242248Z Downloading msgpack-1.1.2-cp314-cp314-manylinux2014_x86_64.manylinux_2_17_x86_64.manylinux_2_28_x86_64.whl (419 kB)
2026-05-07T02:41:29.3344402Z Downloading cbor2-6.0.1-cp314-cp314-manylinux_2_28_x86_64.whl (454 kB)
2026-05-07T02:41:29.3403607Z Downloading certifi-2026.4.22-py3-none-any.whl (135 kB)
2026-05-07T02:41:29.3463526Z Downloading cryptography-48.0.0-cp311-abi3-manylinux_2_34_x86_64.whl (4.7 MB)
2026-05-07T02:41:29.3632584Z    ━━━━━━━━━━━━━━━━━━━━━━━━━━━━━━━━━━━━━━━━ 4.7/4.7 MB 302.9 MB/s  0:00:00
2026-05-07T02:41:29.3667378Z Downloading cffi-2.0.0-cp314-cp314-manylinux2014_x86_64.manylinux_2_17_x86_64.whl (219 kB)
2026-05-07T02:41:29.3733164Z Downloading google_cloud_firestore-2.27.0-py3-none-any.whl (429 kB)
2026-05-07T02:41:29.3805987Z Downloading google_cloud_core-2.5.1-py3-none-any.whl (29 kB)
2026-05-07T02:41:29.3872702Z Downloading google_cloud_storage-3.10.1-py3-none-any.whl (324 kB)
2026-05-07T02:41:29.3943713Z Downloading google_crc32c-1.8.0-cp314-cp314-manylinux1_x86_64.manylinux2014_x86_64.manylinux_2_17_x86_64.manylinux_2_5_x86_64.whl (33 kB)
2026-05-07T02:41:29.3998625Z Downloading google_resumable_media-2.8.2-py3-none-any.whl (81 kB)
2026-05-07T02:41:29.4062782Z Downloading h11-0.16.0-py3-none-any.whl (37 kB)
2026-05-07T02:41:29.4128748Z Downloading matplotlib-3.10.9-cp314-cp314-manylinux_2_27_x86_64.manylinux_2_28_x86_64.whl (9.9 MB)
2026-05-07T02:41:29.4506991Z    ━━━━━━━━━━━━━━━━━━━━━━━━━━━━━━━━━━━━━━━━ 9.9/9.9 MB 270.0 MB/s  0:00:00
2026-05-07T02:41:29.4552729Z Downloading contourpy-1.3.3-cp314-cp314-manylinux_2_27_x86_64.manylinux_2_28_x86_64.whl (363 kB)
2026-05-07T02:41:29.4613963Z Downloading cycler-0.12.1-py3-none-any.whl (8.3 kB)
2026-05-07T02:41:29.4668466Z Downloading fonttools-4.62.1-cp314-cp314-manylinux2014_x86_64.manylinux_2_17_x86_64.whl (4.9 MB)
2026-05-07T02:41:29.4849577Z    ━━━━━━━━━━━━━━━━━━━━━━━━━━━━━━━━━━━━━━━━ 4.9/4.9 MB 290.1 MB/s  0:00:00
2026-05-07T02:41:29.4896361Z Downloading kiwisolver-1.5.0-cp314-cp314-manylinux2014_x86_64.manylinux_2_17_x86_64.whl (1.5 MB)
2026-05-07T02:41:29.4964548Z    ━━━━━━━━━━━━━━━━━━━━━━━━━━━━━━━━━━━━━━━━ 1.5/1.5 MB 257.3 MB/s  0:00:00
2026-05-07T02:41:29.5001012Z Downloading numpy-2.4.4-cp314-cp314-manylinux_2_27_x86_64.manylinux_2_28_x86_64.whl (16.6 MB)
2026-05-07T02:41:29.5504472Z    ━━━━━━━━━━━━━━━━━━━━━━━━━━━━━━━━━━━━━━━━ 16.6/16.6 MB 339.8 MB/s  0:00:00
2026-05-07T02:41:29.5551912Z Downloading opencv_python-4.13.0.92-cp37-abi3-manylinux_2_28_x86_64.whl (72.9 MB)
2026-05-07T02:41:29.7272939Z    ━━━━━━━━━━━━━━━━━━━━━━━━━━━━━━━━━━━━━━━━ 72.9/72.9 MB 427.5 MB/s  0:00:00
2026-05-07T02:41:29.7314342Z Downloading packaging-26.2-py3-none-any.whl (100 kB)
2026-05-07T02:41:29.7389121Z Downloading pillow-12.2.0-cp314-cp314-manylinux_2_27_x86_64.manylinux_2_28_x86_64.whl (7.1 MB)
2026-05-07T02:41:29.7616000Z    ━━━━━━━━━━━━━━━━━━━━━━━━━━━━━━━━━━━━━━━━ 7.1/7.1 MB 334.5 MB/s  0:00:00
2026-05-07T02:41:29.7653882Z Downloading polars-1.40.1-py3-none-any.whl (828 kB)
2026-05-07T02:41:29.7706083Z    ━━━━━━━━━━━━━━━━━━━━━━━━━━━━━━━━━━━━━━━━ 828.7/828.7 kB 163.5 MB/s  0:00:00
2026-05-07T02:41:29.7745682Z Downloading polars_runtime_32-1.40.1-cp310-abi3-manylinux_2_17_x86_64.manylinux2014_x86_64.whl (56.3 MB)
2026-05-07T02:41:29.9046605Z    ━━━━━━━━━━━━━━━━━━━━━━━━━━━━━━━━━━━━━━━━ 56.3/56.3 MB 437.5 MB/s  0:00:00
2026-05-07T02:41:29.9086882Z Downloading psutil-7.2.2-cp36-abi3-manylinux2010_x86_64.manylinux_2_12_x86_64.manylinux_2_28_x86_64.whl (155 kB)
2026-05-07T02:41:29.9146390Z Downloading pyasn1-0.6.3-py3-none-any.whl (83 kB)
2026-05-07T02:41:29.9212062Z Downloading pyasn1_modules-0.4.2-py3-none-any.whl (181 kB)
2026-05-07T02:41:29.9279384Z Downloading pyjwt-2.12.1-py3-none-any.whl (29 kB)
2026-05-07T02:41:29.9332263Z Downloading pyopenssl-26.2.0-py3-none-any.whl (55 kB)
2026-05-07T02:41:29.9382659Z Downloading pyparsing-3.3.2-py3-none-any.whl (122 kB)
2026-05-07T02:41:29.9436583Z Downloading python_dateutil-2.9.0.post0-py2.py3-none-any.whl (229 kB)
2026-05-07T02:41:29.9496925Z Downloading pyyaml-6.0.3-cp314-cp314-manylinux2014_x86_64.manylinux_2_17_x86_64.manylinux_2_28_x86_64.whl (794 kB)
2026-05-07T02:41:29.9543769Z    ━━━━━━━━━━━━━━━━━━━━━━━━━━━━━━━━━━━━━━━━ 794.2/794.2 kB 193.2 MB/s  0:00:00
2026-05-07T02:41:29.9579131Z Downloading scipy-1.17.1-cp314-cp314-manylinux_2_27_x86_64.manylinux_2_28_x86_64.whl (35.2 MB)
2026-05-07T02:41:30.0528877Z    ━━━━━━━━━━━━━━━━━━━━━━━━━━━━━━━━━━━━━━━━ 35.2/35.2 MB 377.2 MB/s  0:00:00
2026-05-07T02:41:30.0566549Z Downloading six-1.17.0-py2.py3-none-any.whl (11 kB)
2026-05-07T02:41:30.0625188Z Downloading sqlparse-0.5.5-py3-none-any.whl (46 kB)
2026-05-07T02:41:30.0952319Z Downloading torch-2.11.0-cp314-cp314-manylinux_2_28_x86_64.whl (530.7 MB)
2026-05-07T02:41:35.5549145Z    ━━━━━━━━━━━━━━━━━━━━━━━━━━━━━━━━━━━━━━━━ 530.7/530.7 MB 71.1 MB/s  0:00:05
2026-05-07T02:41:35.5588324Z Downloading cuda_toolkit-13.0.2-py2.py3-none-any.whl (2.4 kB)
2026-05-07T02:41:35.5673101Z Downloading nvidia_cudnn_cu13-9.19.0.56-py3-none-manylinux_2_27_x86_64.whl (366.1 MB)
2026-05-07T02:41:37.4959664Z    ━━━━━━━━━━━━━━━━━━━━━━━━━━━━━━━━━━━━━━━━ 366.1/366.1 MB 151.2 MB/s  0:00:01
2026-05-07T02:41:37.4999271Z Downloading nvidia_cusparselt_cu13-0.8.0-py3-none-manylinux2014_x86_64.whl (169.9 MB)
2026-05-07T02:41:38.0864258Z    ━━━━━━━━━━━━━━━━━━━━━━━━━━━━━━━━━━━━━━━━ 169.9/169.9 MB 290.5 MB/s  0:00:00
2026-05-07T02:41:38.0909597Z Downloading nvidia_nccl_cu13-2.28.9-py3-none-manylinux_2_18_x86_64.whl (196.5 MB)
2026-05-07T02:41:38.8434377Z    ━━━━━━━━━━━━━━━━━━━━━━━━━━━━━━━━━━━━━━━━ 196.5/196.5 MB 261.6 MB/s  0:00:00
2026-05-07T02:41:38.8480957Z Downloading nvidia_nvshmem_cu13-3.4.5-py3-none-manylinux2014_x86_64.manylinux_2_17_x86_64.whl (60.4 MB)
2026-05-07T02:41:39.0673363Z    ━━━━━━━━━━━━━━━━━━━━━━━━━━━━━━━━━━━━━━━━ 60.4/60.4 MB 277.3 MB/s  0:00:00
2026-05-07T02:41:39.0764550Z Downloading triton-3.6.0-cp314-cp314-manylinux_2_27_x86_64.manylinux_2_28_x86_64.whl (188.3 MB)
2026-05-07T02:41:41.4347704Z    ━━━━━━━━━━━━━━━━━━━━━━━━━━━━━━━━━━━━━━━━ 188.3/188.3 MB 79.8 MB/s  0:00:02
2026-05-07T02:41:41.4511745Z Downloading cuda_bindings-13.2.0-cp314-cp314-manylinux_2_24_x86_64.manylinux_2_28_x86_64.whl (6.2 MB)
2026-05-07T02:41:41.4895568Z    ━━━━━━━━━━━━━━━━━━━━━━━━━━━━━━━━━━━━━━━━ 6.2/6.2 MB 163.8 MB/s  0:00:00
2026-05-07T02:41:41.4934866Z Downloading cuda_pathfinder-1.5.4-py3-none-any.whl (51 kB)
2026-05-07T02:41:41.4998805Z Downloading nvidia_cublas-13.1.0.3-py3-none-manylinux_2_27_x86_64.whl (423.1 MB)
2026-05-07T02:41:44.5937091Z    ━━━━━━━━━━━━━━━━━━━━━━━━━━━━━━━━━━━━━━━━ 423.1/423.1 MB 96.0 MB/s  0:00:03
2026-05-07T02:41:44.5976703Z Downloading nvidia_cuda_cupti-13.0.85-py3-none-manylinux_2_25_x86_64.whl (10.7 MB)
2026-05-07T02:41:44.6357576Z    ━━━━━━━━━━━━━━━━━━━━━━━━━━━━━━━━━━━━━━━━ 10.7/10.7 MB 291.3 MB/s  0:00:00
2026-05-07T02:41:44.6414781Z Downloading nvidia_cuda_nvrtc-13.0.88-py3-none-manylinux2010_x86_64.manylinux_2_12_x86_64.whl (90.2 MB)
2026-05-07T02:41:44.9726957Z    ━━━━━━━━━━━━━━━━━━━━━━━━━━━━━━━━━━━━━━━━ 90.2/90.2 MB 274.1 MB/s  0:00:00
2026-05-07T02:41:44.9807783Z Downloading nvidia_cuda_runtime-13.0.96-py3-none-manylinux2014_x86_64.manylinux_2_17_x86_64.whl (2.2 MB)
2026-05-07T02:41:44.9916742Z    ━━━━━━━━━━━━━━━━━━━━━━━━━━━━━━━━━━━━━━━━ 2.2/2.2 MB 225.8 MB/s  0:00:00
2026-05-07T02:41:44.9960034Z Downloading nvidia_cufft-12.0.0.61-py3-none-manylinux2014_x86_64.manylinux_2_17_x86_64.whl (214.1 MB)
2026-05-07T02:41:45.7951580Z    ━━━━━━━━━━━━━━━━━━━━━━━━━━━━━━━━━━━━━━━━ 214.1/214.1 MB 268.3 MB/s  0:00:00
2026-05-07T02:41:45.8002197Z Downloading nvidia_cufile-1.15.1.6-py3-none-manylinux2014_x86_64.manylinux_2_17_x86_64.whl (1.2 MB)
2026-05-07T02:41:45.8067783Z    ━━━━━━━━━━━━━━━━━━━━━━━━━━━━━━━━━━━━━━━━ 1.2/1.2 MB 213.6 MB/s  0:00:00
2026-05-07T02:41:45.8110769Z Downloading nvidia_curand-10.4.0.35-py3-none-manylinux_2_27_x86_64.whl (59.5 MB)
2026-05-07T02:41:45.9946138Z    ━━━━━━━━━━━━━━━━━━━━━━━━━━━━━━━━━━━━━━━━ 59.5/59.5 MB 326.7 MB/s  0:00:00
2026-05-07T02:41:45.9983449Z Downloading nvidia_cusolver-12.0.4.66-py3-none-manylinux_2_27_x86_64.whl (200.9 MB)
2026-05-07T02:41:47.5876272Z    ━━━━━━━━━━━━━━━━━━━━━━━━━━━━━━━━━━━━━━━━ 200.9/200.9 MB 126.5 MB/s  0:00:01
2026-05-07T02:41:47.5919315Z Downloading nvidia_cusparse-12.6.3.3-py3-none-manylinux2014_x86_64.manylinux_2_17_x86_64.whl (145.9 MB)
2026-05-07T02:41:48.0402385Z    ━━━━━━━━━━━━━━━━━━━━━━━━━━━━━━━━━━━━━━━━ 145.9/145.9 MB 326.6 MB/s  0:00:00
2026-05-07T02:41:48.0448260Z Downloading nvidia_nvjitlink-13.0.88-py3-none-manylinux2010_x86_64.manylinux_2_12_x86_64.whl (40.7 MB)
2026-05-07T02:41:48.1473064Z    ━━━━━━━━━━━━━━━━━━━━━━━━━━━━━━━━━━━━━━━━ 40.7/40.7 MB 405.8 MB/s  0:00:00
2026-05-07T02:41:48.1513293Z Downloading nvidia_nvtx-13.0.85-py3-none-manylinux1_x86_64.manylinux_2_5_x86_64.whl (148 kB)
2026-05-07T02:41:48.1574594Z Downloading setuptools-81.0.0-py3-none-any.whl (1.1 MB)
2026-05-07T02:41:48.1638128Z    ━━━━━━━━━━━━━━━━━━━━━━━━━━━━━━━━━━━━━━━━ 1.1/1.1 MB 183.5 MB/s  0:00:00
2026-05-07T02:41:48.1674386Z Downloading fsspec-2026.4.0-py3-none-any.whl (203 kB)
2026-05-07T02:41:48.1736859Z Downloading networkx-3.6.1-py3-none-any.whl (2.1 MB)
2026-05-07T02:41:48.1822711Z    ━━━━━━━━━━━━━━━━━━━━━━━━━━━━━━━━━━━━━━━━ 2.1/2.1 MB 277.7 MB/s  0:00:00
2026-05-07T02:41:48.1863325Z Downloading sympy-1.14.0-py3-none-any.whl (6.3 MB)
2026-05-07T02:41:48.2054121Z    ━━━━━━━━━━━━━━━━━━━━━━━━━━━━━━━━━━━━━━━━ 6.3/6.3 MB 359.4 MB/s  0:00:00
2026-05-07T02:41:48.2094587Z Downloading mpmath-1.3.0-py3-none-any.whl (536 kB)
2026-05-07T02:41:48.2145865Z    ━━━━━━━━━━━━━━━━━━━━━━━━━━━━━━━━━━━━━━━━ 536.2/536.2 kB 85.4 MB/s  0:00:00
2026-05-07T02:41:48.2252418Z Downloading torchvision-0.26.0-cp314-cp314-manylinux_2_28_x86_64.whl (7.5 MB)
2026-05-07T02:41:48.2788989Z    ━━━━━━━━━━━━━━━━━━━━━━━━━━━━━━━━━━━━━━━━ 7.5/7.5 MB 141.1 MB/s  0:00:00
2026-05-07T02:41:48.2831634Z Downloading ultralytics_thop-2.0.19-py3-none-any.whl (28 kB)
2026-05-07T02:41:48.2891537Z Downloading anyio-4.13.0-py3-none-any.whl (114 kB)
2026-05-07T02:41:48.2954402Z Downloading chardet-7.4.3-cp314-cp314-manylinux2014_x86_64.manylinux_2_17_x86_64.manylinux_2_28_x86_64.whl (887 kB)
2026-05-07T02:41:48.3023218Z    ━━━━━━━━━━━━━━━━━━━━━━━━━━━━━━━━━━━━━━━━ 887.7/887.7 kB 143.6 MB/s  0:00:00
2026-05-07T02:41:48.3060870Z Downloading filelock-3.29.0-py3-none-any.whl (39 kB)
2026-05-07T02:41:48.3113049Z Downloading jinja2-3.1.6-py3-none-any.whl (134 kB)
2026-05-07T02:41:48.3171904Z Downloading markupsafe-3.0.3-cp314-cp314-manylinux2014_x86_64.manylinux_2_17_x86_64.manylinux_2_28_x86_64.whl (23 kB)
2026-05-07T02:41:48.3227296Z Downloading pycparser-3.0-py3-none-any.whl (48 kB)
2026-05-07T02:41:51.4719086Z Installing collected packages: nvidia-cusparselt-cu13, mpmath, cuda-toolkit, whitenoise, urllib3, typing-extensions, triton, sympy, sqlparse, six, setuptools, pyyaml, python-dotenv, pyparsing, pyjwt, pycparser, pyasn1, psycopg2-binary, psutil, protobuf, polars-runtime-32, pillow, packaging, nvidia-nvtx, nvidia-nvshmem-cu13, nvidia-nvjitlink, nvidia-nccl-cu13, nvidia-curand, nvidia-cufile, nvidia-cuda-runtime, nvidia-cuda-nvrtc, nvidia-cuda-cupti, nvidia-cublas, numpy, networkx, msgpack, MarkupSafe, kiwisolver, idna, hyperframe, hpack, h11, google-crc32c, fsspec, fonttools, filelock, cycler, cuda-pathfinder, charset_normalizer, chardet, certifi, cbor2, asgiref, scipy, requests, reportlab, python-dateutil, pyasn1-modules, proto-plus, polars, opencv-python-headless, opencv-python, nvidia-cusparse, nvidia-cufft, nvidia-cudnn-cu13, jinja2, httpcore, h2, gunicorn, grpcio, googleapis-common-protos, google-resumable-media, Django, cuda-bindings, contourpy, cffi, anyio, nvidia-cusolver, matplotlib, httpx, grpcio-status, djangorestframework, django-cors-headers, dj-database-url, cryptography, cachecontrol, pyOpenSSL, google-auth, djangorestframework-simplejwt, webauthn, torch, google-api-core, ultralytics-thop, torchvision, google-cloud-core, ultralytics, google-cloud-storage, google-cloud-firestore, firebase-admin
2026-05-07T02:42:45.6416119Z 
2026-05-07T02:42:45.6498031Z Successfully installed Django-6.0.3 MarkupSafe-3.0.3 anyio-4.13.0 asgiref-3.11.1 cachecontrol-0.14.4 cbor2-6.0.1 certifi-2026.4.22 cffi-2.0.0 chardet-7.4.3 charset_normalizer-3.4.7 contourpy-1.3.3 cryptography-48.0.0 cuda-bindings-13.2.0 cuda-pathfinder-1.5.4 cuda-toolkit-13.0.2 cycler-0.12.1 dj-database-url-3.0.1 django-cors-headers-4.9.0 djangorestframework-3.16.1 djangorestframework-simplejwt-5.5.1 filelock-3.29.0 firebase-admin-7.1.0 fonttools-4.62.1 fsspec-2026.4.0 google-api-core-2.30.3 google-auth-2.50.0 google-cloud-core-2.5.1 google-cloud-firestore-2.27.0 google-cloud-storage-3.10.1 google-crc32c-1.8.0 google-resumable-media-2.8.2 googleapis-common-protos-1.74.0 grpcio-1.80.0 grpcio-status-1.80.0 gunicorn-26.0.0 h11-0.16.0 h2-4.3.0 hpack-4.1.0 httpcore-1.0.9 httpx-0.28.1 hyperframe-6.1.0 idna-3.13 jinja2-3.1.6 kiwisolver-1.5.0 matplotlib-3.10.9 mpmath-1.3.0 msgpack-1.1.2 networkx-3.6.1 numpy-2.4.4 nvidia-cublas-13.1.0.3 nvidia-cuda-cupti-13.0.85 nvidia-cuda-nvrtc-13.0.88 nvidia-cuda-runtime-13.0.96 nvidia-cudnn-cu13-9.19.0.56 nvidia-cufft-12.0.0.61 nvidia-cufile-1.15.1.6 nvidia-curand-10.4.0.35 nvidia-cusolver-12.0.4.66 nvidia-cusparse-12.6.3.3 nvidia-cusparselt-cu13-0.8.0 nvidia-nccl-cu13-2.28.9 nvidia-nvjitlink-13.0.88 nvidia-nvshmem-cu13-3.4.5 nvidia-nvtx-13.0.85 opencv-python-4.13.0.92 opencv-python-headless-4.13.0.92 packaging-26.2 pillow-12.2.0 polars-1.40.1 polars-runtime-32-1.40.1 proto-plus-1.27.2 protobuf-6.33.6 psutil-7.2.2 psycopg2-binary-2.9.11 pyOpenSSL-26.2.0 pyasn1-0.6.3 pyasn1-modules-0.4.2 pycparser-3.0 pyjwt-2.12.1 pyparsing-3.3.2 python-dateutil-2.9.0.post0 python-dotenv-1.1.1 pyyaml-6.0.3 reportlab-4.0.9 requests-2.33.1 scipy-1.17.1 setuptools-81.0.0 six-1.17.0 sqlparse-0.5.5 sympy-1.14.0 torch-2.11.0 torchvision-0.26.0 triton-3.6.0 typing-extensions-4.15.0 ultralytics-8.4.47 ultralytics-thop-2.0.19 urllib3-2.6.3 webauthn-2.7.1 whitenoise-6.9.0
2026-05-07T02:42:45.7454270Z 
2026-05-07T02:42:45.7454793Z [notice] A new release of pip is available: 26.0.1 -> 26.1.1
2026-05-07T02:42:45.7455241Z [notice] To update, run: pip install --upgrade pip
2026-05-07T02:42:46.8130171Z ##[group]Run actions/upload-artifact@v4
2026-05-07T02:42:46.8130428Z with:
2026-05-07T02:42:46.8130862Z   name: python-app
2026-05-07T02:42:46.8131124Z   path: .
!antenv/

2026-05-07T02:42:46.8131404Z   if-no-files-found: warn
2026-05-07T02:42:46.8131662Z   compression-level: 6
2026-05-07T02:42:46.8131849Z   overwrite: false
2026-05-07T02:42:46.8132048Z   include-hidden-files: false
2026-05-07T02:42:46.8132252Z env:
2026-05-07T02:42:46.8132482Z   pythonLocation: /opt/hostedtoolcache/Python/3.14.4/x64
2026-05-07T02:42:46.8132862Z   PKG_CONFIG_PATH: /opt/hostedtoolcache/Python/3.14.4/x64/lib/pkgconfig
2026-05-07T02:42:46.8133239Z   Python_ROOT_DIR: /opt/hostedtoolcache/Python/3.14.4/x64
2026-05-07T02:42:46.8133581Z   Python2_ROOT_DIR: /opt/hostedtoolcache/Python/3.14.4/x64
2026-05-07T02:42:46.8133925Z   Python3_ROOT_DIR: /opt/hostedtoolcache/Python/3.14.4/x64
2026-05-07T02:42:46.8134272Z   LD_LIBRARY_PATH: /opt/hostedtoolcache/Python/3.14.4/x64/lib
2026-05-07T02:42:46.8134597Z ##[endgroup]
2026-05-07T02:42:52.0405374Z With the provided path, there will be 234 files uploaded
2026-05-07T02:42:52.0410987Z Artifact name is valid!
2026-05-07T02:42:52.0411798Z Root directory input is valid!
2026-05-07T02:42:52.2028608Z Beginning upload of artifact content to blob storage
2026-05-07T02:42:52.9768521Z Uploaded bytes 8388608
2026-05-07T02:42:53.3212271Z Uploaded bytes 16777216
2026-05-07T02:42:53.4553712Z Uploaded bytes 19730703
2026-05-07T02:42:53.4850884Z Finished uploading artifact content to blob storage!
2026-05-07T02:42:53.4854826Z SHA256 digest of uploaded artifact zip is f0f57a90adc5f1d10e8b5a1dd2ac04c5ea02b5989224f1a368bcedc12f5090ad
2026-05-07T02:42:53.4857234Z Finalizing artifact upload
2026-05-07T02:42:53.6355997Z Artifact python-app.zip successfully finalized. Artifact ID 6845916869
2026-05-07T02:42:53.6356925Z Artifact python-app has been successfully uploaded! Final size is 19730703 bytes. Artifact ID is 6845916869
2026-05-07T02:42:53.6364155Z Artifact download URL: https://github.com/MiyukiVigil/ParkGuideApp-Backend/actions/runs/25473032637/artifacts/6845916869
2026-05-07T02:42:53.6519668Z Post job cleanup.
2026-05-07T02:42:53.8177208Z Post job cleanup.
2026-05-07T02:42:53.9083171Z [command]/usr/bin/git version
2026-05-07T02:42:53.9116837Z git version 2.53.0
2026-05-07T02:42:53.9155492Z Temporarily overriding HOME='/home/runner/work/_temp/bf30641f-991d-4c73-935f-55d9f4c50253' before making global git config changes
2026-05-07T02:42:53.9156991Z Adding repository directory to the temporary git global config as a safe directory
2026-05-07T02:42:53.9168807Z [command]/usr/bin/git config --global --add safe.directory /home/runner/work/ParkGuideApp-Backend/ParkGuideApp-Backend
2026-05-07T02:42:53.9198289Z [command]/usr/bin/git config --local --name-only --get-regexp core\.sshCommand
2026-05-07T02:42:53.9225274Z [command]/usr/bin/git submodule foreach --recursive sh -c "git config --local --name-only --get-regexp 'core\.sshCommand' && git config --local --unset-all 'core.sshCommand' || :"
2026-05-07T02:42:53.9396566Z [command]/usr/bin/git config --local --name-only --get-regexp http\.https\:\/\/github\.com\/\.extraheader
2026-05-07T02:42:53.9413874Z http.https://github.com/.extraheader
2026-05-07T02:42:53.9424816Z [command]/usr/bin/git config --local --unset-all http.https://github.com/.extraheader
2026-05-07T02:42:53.9449485Z [command]/usr/bin/git submodule foreach --recursive sh -c "git config --local --name-only --get-regexp 'http\.https\:\/\/github\.com\/\.extraheader' && git config --local --unset-all 'http.https://github.com/.extraheader' || :"
2026-05-07T02:42:53.9635813Z [command]/usr/bin/git config --local --name-only --get-regexp ^includeIf\.gitdir:
2026-05-07T02:42:53.9667546Z [command]/usr/bin/git submodule foreach --recursive git config --local --show-origin --name-only --get-regexp remote.origin.url
2026-05-07T02:42:53.9969293Z Cleaning up orphan processes
2026-05-07T02:42:54.0215786Z ##[warning]Node.js 20 actions are deprecated. The following actions are running on Node.js 20 and may not work as expected: actions/checkout@v4, actions/setup-python@v5, actions/upload-artifact@v4. Actions will be forced to run with Node.js 24 by default starting June 2nd, 2026. Node.js 20 will be removed from the runner on September 16th, 2026. Please check if updated versions of these actions are available that support Node.js 24. To opt into Node.js 24 now, set the FORCE_JAVASCRIPT_ACTIONS_TO_NODE24=true environment variable on the runner or in your workflow file. Once Node.js 24 becomes the default, you can temporarily opt out by setting ACTIONS_ALLOW_USE_UNSECURE_NODE_VERSION=true. For more information see: https://github.blog/changelog/2025-09-19-deprecation-of-node-20-on-github-actions-runners/
