2026-05-07T04:09:56.5658813Z Current runner version: '2.334.0'
2026-05-07T04:09:56.5684625Z ##[group]Runner Image Provisioner
2026-05-07T04:09:56.5685796Z Hosted Compute Agent
2026-05-07T04:09:56.5686928Z Version: 20260213.493
2026-05-07T04:09:56.5687819Z Commit: 5c115507f6dd24b8de37d8bbe0bb4509d0cc0fa3
2026-05-07T04:09:56.5688798Z Build Date: 2026-02-13T00:28:41Z
2026-05-07T04:09:56.5689855Z Worker ID: ***43fc74b2-f11f-4864-bbef-71cd72ceae2d***
2026-05-07T04:09:56.5690849Z Azure Region: centralus
2026-05-07T04:09:56.5691672Z ##[endgroup]
2026-05-07T04:09:56.5693344Z ##[group]Operating System
2026-05-07T04:09:56.5694224Z Ubuntu
2026-05-07T04:09:56.5694955Z 24.04.4
2026-05-07T04:09:56.5695718Z LTS
2026-05-07T04:09:56.5696481Z ##[endgroup]
2026-05-07T04:09:56.5697582Z ##[group]Runner Image
2026-05-07T04:09:56.5698416Z Image: ubuntu-24.04
2026-05-07T04:09:56.5699203Z Version: 20260413.86.1
2026-05-07T04:09:56.5700755Z Included Software: https://github.com/actions/runner-images/blob/ubuntu24/20260413.86/images/ubuntu/Ubuntu2404-Readme.md
2026-05-07T04:09:56.5702607Z Image Release: https://github.com/actions/runner-images/releases/tag/ubuntu24%2F20260413.86
2026-05-07T04:09:56.5703830Z ##[endgroup]
2026-05-07T04:09:56.5705402Z ##[group]GITHUB_TOKEN Permissions
2026-05-07T04:09:56.5708291Z Contents: read
2026-05-07T04:09:56.5709031Z Metadata: read
2026-05-07T04:09:56.5709915Z Packages: read
2026-05-07T04:09:56.5710627Z ##[endgroup]
2026-05-07T04:09:56.5712937Z Secret source: Actions
2026-05-07T04:09:56.5714135Z Prepare workflow directory
2026-05-07T04:09:56.6106039Z Prepare all required actions
2026-05-07T04:09:56.6144653Z Getting action download info
2026-05-07T04:09:57.0098001Z Download action repository 'actions/download-artifact@v4' (SHA:d3f86a106a0bac45b974a628896c90dbdf5c8093)
2026-05-07T04:09:57.5143802Z Download action repository 'azure/webapps-deploy@v3' (SHA:02a81bead70021f5284939794bcec79c271ab383)
2026-05-07T04:09:58.0201117Z Download action repository 'azure/login@v2' (SHA:a457da9ea143d694b1b9c7c869ebb04ebe844ef5)
2026-05-07T04:09:58.3508772Z Complete job name: deploy
2026-05-07T04:09:58.4285574Z ##[group]Run actions/download-artifact@v4
2026-05-07T04:09:58.4287436Z with:
2026-05-07T04:09:58.4288441Z   name: python-app
2026-05-07T04:09:58.4289510Z   merge-multiple: false
2026-05-07T04:09:58.4290758Z   repository: MiyukiVigil/ParkGuideApp-Backend
2026-05-07T04:09:58.4292157Z   run-id: 25475555961
2026-05-07T04:09:58.4293366Z env:
2026-05-07T04:09:58.4294410Z   AZURE_WEBAPP_NAME: SFC-ParkguideBackend
2026-05-07T04:09:58.4295749Z ##[endgroup]
2026-05-07T04:09:58.6359942Z Downloading single artifact
2026-05-07T04:09:58.7978653Z Preparing to download the following artifacts:
2026-05-07T04:09:58.7982743Z - python-app (ID: 6846802168, Size: 19756258, Expected Digest: sha256:698570bfb47d1ae3b1831d5f26d06bb8ddd68d1ef1a7cb84f1d6a7a5d37e1520)
2026-05-07T04:09:58.9140147Z Redirecting to blob download url: https://productionresultssa10.blob.core.windows.net/actions-results/bcb200ae-ef3f-408e-b5a6-7b4349edccfb/workflow-job-run-44f61afe-9b87-52c8-9f5d-de9843718e17/artifacts/c99517175a7c2869afc72b5c4bd2b96d056f3e91db32ddee0f8b80691e66ef91.zip
2026-05-07T04:09:58.9145775Z Starting download of artifact to: /home/runner/work/ParkGuideApp-Backend/ParkGuideApp-Backend
2026-05-07T04:09:59.1208523Z (node:2191) [DEP0005] DeprecationWarning: Buffer() is deprecated due to security and usability issues. Please use the Buffer.alloc(), Buffer.allocUnsafe(), or Buffer.from() methods instead.
2026-05-07T04:09:59.1212159Z (Use `node --trace-deprecation ...` to show where the warning was created)
2026-05-07T04:09:59.9412473Z SHA256 digest of downloaded artifact is 698570bfb47d1ae3b1831d5f26d06bb8ddd68d1ef1a7cb84f1d6a7a5d37e1520
2026-05-07T04:09:59.9413955Z Artifact download completed successfully.
2026-05-07T04:09:59.9414755Z Total of 1 artifact(s) downloaded
2026-05-07T04:09:59.9419279Z Download artifact has finished successfully
2026-05-07T04:09:59.9649760Z ##[group]Run azure/webapps-deploy@v3
2026-05-07T04:09:59.9650205Z with:
2026-05-07T04:09:59.9650538Z   app-name: SFC-ParkguideBackend
2026-05-07T04:09:59.9651194Z   slot-name: Production
2026-05-07T04:09:59.9658530Z   publish-profile: ***
2026-05-07T04:09:59.9658909Z   package: .
2026-05-07T04:09:59.9659251Z env:
2026-05-07T04:09:59.9659593Z   AZURE_WEBAPP_NAME: SFC-ParkguideBackend
2026-05-07T04:09:59.9660005Z ##[endgroup]
2026-05-07T04:10:00.1280692Z (node:2203) [DEP0040] DeprecationWarning: The `punycode` module is deprecated. Please use a userland alternative instead.
2026-05-07T04:10:00.1281855Z (Use `node --trace-deprecation ...` to show where the warning was created)
2026-05-07T04:10:00.1282971Z (node:2203) [DEP0005] DeprecationWarning: Buffer() is deprecated due to security and usability issues. Please use the Buffer.alloc(), Buffer.allocUnsafe(), or Buffer.from() methods instead.
2026-05-07T04:10:00.1284586Z (node:2203) [DEP0169] DeprecationWarning: `url.parse()` behavior is not standardized and prone to errors that have security implications. Use the WHATWG URL API instead. CVEs are not issued for `url.parse()` vulnerabilities.
2026-05-07T04:10:02.8250247Z Predeployment Step Started
2026-05-07T04:10:02.8253294Z Deployment Step Started
2026-05-07T04:10:02.8255548Z Starting deployment for web app...
2026-05-07T04:10:08.8398938Z Package deployment using OneDeploy initiated.
2026-05-07T04:23:29.2121344Z ***
2026-05-07T04:23:29.2121852Z   id: '38e00756-5503-4776-80c5-9e2b759c0e9e',
2026-05-07T04:23:29.2122405Z   status: 4,
2026-05-07T04:23:29.2122791Z   status_text: '',
2026-05-07T04:23:29.2123184Z   author_email: 'N/A',
2026-05-07T04:23:29.2123568Z   author: 'N/A',
2026-05-07T04:23:29.2123947Z   deployer: 'OneDeploy',
2026-05-07T04:23:29.2124358Z   message: 'OneDeploy',
2026-05-07T04:23:29.2124760Z   progress: '',
2026-05-07T04:23:29.2125181Z   received_time: '2026-05-07T04:10:19.7708389Z',
2026-05-07T04:23:29.2125863Z   start_time: '2026-05-07T04:10:21.6907728Z',
2026-05-07T04:23:29.2126472Z   end_time: '2026-05-07T04:23:26.3712747Z',
2026-05-07T04:23:29.2127216Z   last_success_end_time: '2026-05-07T04:23:26.3712747Z',
2026-05-07T04:23:29.2127617Z   complete: true,
2026-05-07T04:23:29.2127897Z   active: true,
2026-05-07T04:23:29.2128153Z   is_temp: false,
2026-05-07T04:23:29.2128412Z   is_readonly: true,
2026-05-07T04:23:29.2129142Z   url: 'https://sfc-parkguidebackend-g3epa6bjcpf9hqez.scm.malaysiawest-01.azurewebsites.net/api/deployments/38e00756-5503-4776-80c5-9e2b759c0e9e',
2026-05-07T04:23:29.2130490Z   log_url: 'https://sfc-parkguidebackend-g3epa6bjcpf9hqez.scm.malaysiawest-01.azurewebsites.net/api/deployments/38e00756-5503-4776-80c5-9e2b759c0e9e/log',
2026-05-07T04:23:29.2148272Z   site_name: 'sfc-parkguidebackend',
2026-05-07T04:23:29.2148876Z   build_summary: *** errors: [], warnings: [] ***
2026-05-07T04:23:29.2149367Z ***
2026-05-07T04:23:29.6418123Z Deploy logs can be viewed at https://sfc-parkguidebackend-g3epa6bjcpf9hqez.scm.malaysiawest-01.azurewebsites.net/api/deployments/38e00756-5503-4776-80c5-9e2b759c0e9e/log
2026-05-07T04:23:29.6419568Z Successfully deployed web package to App Service.
2026-05-07T04:23:29.6424147Z App Service Application URL: https://sfc-parkguidebackend-g3epa6bjcpf9hqez.malaysiawest-01.azurewebsites.net
2026-05-07T04:23:29.6611074Z ##[group]Run azure/login@v2
2026-05-07T04:23:29.6611443Z with:
2026-05-07T04:23:29.6613785Z   creds: ***
2026-05-07T04:23:29.6614078Z   enable-AzPSSession: false
2026-05-07T04:23:29.6614398Z   environment: azurecloud
2026-05-07T04:23:29.6614713Z   allow-no-subscriptions: false
2026-05-07T04:23:29.6615056Z   audience: api://AzureADTokenExchange
2026-05-07T04:23:29.6615411Z   auth-type: SERVICE_PRINCIPAL
2026-05-07T04:23:29.6615717Z env:
2026-05-07T04:23:29.6615989Z   AZURE_WEBAPP_NAME: SFC-ParkguideBackend
2026-05-07T04:23:29.6616339Z   AZURE_HTTP_USER_AGENT: 
2026-05-07T04:23:29.6616889Z ##[endgroup]
2026-05-07T04:23:29.7031536Z Running Azure CLI Login.
2026-05-07T04:23:32.7658184Z [command]/usr/bin/az cloud set -n azurecloud
2026-05-07T04:23:33.2779565Z Done setting cloud: "azurecloud"
2026-05-07T04:23:33.2781813Z Note: Azure/login action also supports OIDC login mechanism. Refer https://github.com/azure/login#configure-a-service-principal-with-a-federated-credential-to-use-oidc-based-authentication for more details.
2026-05-07T04:23:33.2784035Z Attempting Azure CLI login by using service principal with secret...
2026-05-07T04:23:35.4118480Z Subscription is set successfully.
2026-05-07T04:23:35.4119260Z Azure CLI login succeeds by using service principal with secret.
2026-05-07T04:23:35.4206253Z ##[group]Run RESOURCE_GROUP=$(az webapp list --query "[?name=='$***AZURE_WEBAPP_NAME***'].resourceGroup | [0]" -o tsv)
2026-05-07T04:23:35.4207647Z [36;1mRESOURCE_GROUP=$(az webapp list --query "[?name=='$***AZURE_WEBAPP_NAME***'].resourceGroup | [0]" -o tsv)[0m
2026-05-07T04:23:35.4208260Z [36;1mif [ -z "$RESOURCE_GROUP" ]; then[0m
2026-05-07T04:23:35.4208747Z [36;1m  echo "Could not find resource group for $***AZURE_WEBAPP_NAME***."[0m
2026-05-07T04:23:35.4209192Z [36;1m  exit 1[0m
2026-05-07T04:23:35.4209456Z [36;1mfi[0m
2026-05-07T04:23:35.4209701Z [36;1m[0m
2026-05-07T04:23:35.4209980Z [36;1maz webapp config set \[0m
2026-05-07T04:23:35.4210334Z [36;1m  --resource-group "$RESOURCE_GROUP" \[0m
2026-05-07T04:23:35.4210718Z [36;1m  --name "$AZURE_WEBAPP_NAME" \[0m
2026-05-07T04:23:35.4211076Z [36;1m  --startup-file "bash startup.sh"[0m
2026-05-07T04:23:35.4211403Z [36;1m[0m
2026-05-07T04:23:35.4211668Z [36;1maz webapp config appsettings set \[0m
2026-05-07T04:23:35.4212072Z [36;1m  --resource-group "$RESOURCE_GROUP" \[0m
2026-05-07T04:23:35.4212425Z [36;1m  --name "$AZURE_WEBAPP_NAME" \[0m
2026-05-07T04:23:35.4212754Z [36;1m  --settings \[0m
2026-05-07T04:23:35.4213087Z [36;1m    SCM_DO_BUILD_DURING_DEPLOYMENT=true \[0m
2026-05-07T04:23:35.4213913Z [36;1m    POST_BUILD_COMMAND='pip uninstall -y opencv-python opencv-contrib-python || true && pip install --no-cache-dir --force-reinstall "opencv-python-headless>=4.8.0"'[0m
2026-05-07T04:23:35.4214648Z [36;1m[0m
2026-05-07T04:23:35.4214908Z [36;1maz webapp restart \[0m
2026-05-07T04:23:35.4215262Z [36;1m  --resource-group "$RESOURCE_GROUP" \[0m
2026-05-07T04:23:35.4215629Z [36;1m  --name "$AZURE_WEBAPP_NAME"[0m
2026-05-07T04:23:35.4241660Z shell: /usr/bin/bash -e ***0***
2026-05-07T04:23:35.4241999Z env:
2026-05-07T04:23:35.4242290Z   AZURE_WEBAPP_NAME: SFC-ParkguideBackend
2026-05-07T04:23:35.4242658Z   AZURE_HTTP_USER_AGENT: 
2026-05-07T04:23:35.4242954Z ##[endgroup]
2026-05-07T04:23:45.2130809Z ***
2026-05-07T04:23:45.2131424Z   "acrUseManagedIdentityCreds": false,
2026-05-07T04:23:45.2132006Z   "acrUserManagedIdentityId": null,
2026-05-07T04:23:45.2132501Z   "alwaysOn": false,
2026-05-07T04:23:45.2132920Z   "apiDefinition": null,
2026-05-07T04:23:45.2133370Z   "apiManagementConfig": null,
2026-05-07T04:23:45.2133866Z   "appCommandLine": "bash startup.sh",
2026-05-07T04:23:45.2134353Z   "appSettings": null,
2026-05-07T04:23:45.2134770Z   "autoHealEnabled": false,
2026-05-07T04:23:45.2135208Z   "autoHealRules": null,
2026-05-07T04:23:45.2135631Z   "autoSwapSlotName": null,
2026-05-07T04:23:45.2136148Z   "azureStorageAccounts": ***,
2026-05-07T04:23:45.2136880Z   "connectionStrings": null,
2026-05-07T04:23:45.2137327Z   "cors": null,
2026-05-07T04:23:45.2137704Z   "defaultDocuments": [
2026-05-07T04:23:45.2138097Z     "Default.htm",
2026-05-07T04:23:45.2138492Z     "Default.html",
2026-05-07T04:23:45.2138910Z     "Default.asp",
2026-05-07T04:23:45.2139273Z     "index.htm",
2026-05-07T04:23:45.2139651Z     "index.html",
2026-05-07T04:23:45.2140014Z     "iisstart.htm",
2026-05-07T04:23:45.2140394Z     "default.aspx",
2026-05-07T04:23:45.2140753Z     "index.php",
2026-05-07T04:23:45.2141134Z     "hostingstart.html"
2026-05-07T04:23:45.2141546Z   ],
2026-05-07T04:23:45.2141939Z   "detailedErrorLoggingEnabled": false,
2026-05-07T04:23:45.2142461Z   "documentRoot": null,
2026-05-07T04:23:45.2142871Z   "elasticWebAppScaleLimit": 0,
2026-05-07T04:23:45.2143363Z   "experiments": ***
2026-05-07T04:23:45.2143768Z     "rampUpRules": []
2026-05-07T04:23:45.2144167Z   ***,
2026-05-07T04:23:45.2144542Z   "ftpsState": "FtpsOnly",
2026-05-07T04:23:45.2145311Z   "functionAppScaleLimit": null,
2026-05-07T04:23:45.2145917Z   "functionsRuntimeScaleMonitoringEnabled": false,
2026-05-07T04:23:45.2146841Z   "handlerMappings": null,
2026-05-07T04:23:45.2147300Z   "healthCheckPath": null,
2026-05-07T04:23:45.2147741Z   "http20Enabled": false,
2026-05-07T04:23:45.2148170Z   "http20ProxyFlag": 0,
2026-05-07T04:23:45.2148858Z   "httpLoggingEnabled": false,
2026-05-07T04:23:45.2149957Z   "id": "/subscriptions/a2893948-5696-4e0b-b9dc-ff7c727042ac/resourceGroups/SFC-Parkguide/providers/Microsoft.Web/sites/SFC-ParkguideBackend",
2026-05-07T04:23:45.2151084Z   "ipSecurityRestrictions": [
2026-05-07T04:23:45.2151561Z     ***
2026-05-07T04:23:45.2151929Z       "action": "Allow",
2026-05-07T04:23:45.2152382Z       "description": "Allow all access",
2026-05-07T04:23:45.2152880Z       "headers": null,
2026-05-07T04:23:45.2153301Z       "ipAddress": "Any",
2026-05-07T04:23:45.2153732Z       "name": "Allow all",
2026-05-07T04:23:45.2154169Z       "priority": 2147483647,
2026-05-07T04:23:45.2154676Z       "subnetMask": null,
2026-05-07T04:23:45.2155116Z       "subnetTrafficTag": null,
2026-05-07T04:23:45.2155568Z       "tag": null,
2026-05-07T04:23:45.2155981Z       "vnetSubnetResourceId": null,
2026-05-07T04:23:45.2156480Z       "vnetTrafficTag": null
2026-05-07T04:23:45.2157098Z     ***
2026-05-07T04:23:45.2157449Z   ],
2026-05-07T04:23:45.2157892Z   "ipSecurityRestrictionsDefaultAction": null,
2026-05-07T04:23:45.2158458Z   "javaContainer": null,
2026-05-07T04:23:45.2158916Z   "javaContainerVersion": null,
2026-05-07T04:23:45.2159384Z   "javaVersion": null,
2026-05-07T04:23:45.2159836Z   "keyVaultReferenceIdentity": null,
2026-05-07T04:23:45.2160325Z   "kind": null,
2026-05-07T04:23:45.2160711Z   "limits": null,
2026-05-07T04:23:45.2161136Z   "linuxFxVersion": "PYTHON|3.14",
2026-05-07T04:23:45.2161655Z   "loadBalancing": "LeastRequests",
2026-05-07T04:23:45.2162187Z   "localMySqlEnabled": false,
2026-05-07T04:23:45.2162664Z   "location": "Malaysia West",
2026-05-07T04:23:45.2163146Z   "logsDirectorySizeLimit": 35,
2026-05-07T04:23:45.2163608Z   "machineKey": null,
2026-05-07T04:23:45.2164069Z   "managedPipelineMode": "Integrated",
2026-05-07T04:23:45.2164631Z   "managedServiceIdentityId": null,
2026-05-07T04:23:45.2165123Z   "metadata": null,
2026-05-07T04:23:45.2165556Z   "minTlsCipherSuite": null,
2026-05-07T04:23:45.2166046Z   "minTlsVersion": "1.2",
2026-05-07T04:23:45.2166511Z   "minimumElasticInstanceCount": 1,
2026-05-07T04:23:45.2167317Z   "name": "SFC-ParkguideBackend",
2026-05-07T04:23:45.2167806Z   "netFrameworkVersion": "v4.0",
2026-05-07T04:23:45.2168281Z   "nodeVersion": "",
2026-05-07T04:23:45.2168713Z   "numberOfWorkers": 1,
2026-05-07T04:23:45.2169147Z   "phpVersion": "",
2026-05-07T04:23:45.2169574Z   "powerShellVersion": "",
2026-05-07T04:23:45.2170048Z   "preWarmedInstanceCount": 0,
2026-05-07T04:23:45.2170541Z   "publicNetworkAccess": "Enabled",
2026-05-07T04:23:45.2171133Z   "publishingUsername": "***",
2026-05-07T04:23:45.2171586Z   "push": null,
2026-05-07T04:23:45.2171982Z   "pythonVersion": "",
2026-05-07T04:23:45.2172432Z   "remoteDebuggingEnabled": false,
2026-05-07T04:23:45.2172964Z   "remoteDebuggingVersion": "VS2022",
2026-05-07T04:23:45.2173490Z   "requestTracingEnabled": false,
2026-05-07T04:23:45.2174010Z   "requestTracingExpirationTime": null,
2026-05-07T04:23:45.2174561Z   "resourceGroup": "SFC-Parkguide",
2026-05-07T04:23:45.2175087Z   "scmIpSecurityRestrictions": [
2026-05-07T04:23:45.2175583Z     ***
2026-05-07T04:23:45.2175942Z       "action": "Allow",
2026-05-07T04:23:45.2176391Z       "description": "Allow all access",
2026-05-07T04:23:45.2177103Z       "headers": null,
2026-05-07T04:23:45.2177524Z       "ipAddress": "Any",
2026-05-07T04:23:45.2177964Z       "name": "Allow all",
2026-05-07T04:23:45.2178422Z       "priority": 2147483647,
2026-05-07T04:23:45.2178900Z       "subnetMask": null,
2026-05-07T04:23:45.2179335Z       "subnetTrafficTag": null,
2026-05-07T04:23:45.2179788Z       "tag": null,
2026-05-07T04:23:45.2180427Z       "vnetSubnetResourceId": null,
2026-05-07T04:23:45.2180932Z       "vnetTrafficTag": null
2026-05-07T04:23:45.2181410Z     ***
2026-05-07T04:23:45.2181749Z   ],
2026-05-07T04:23:45.2182201Z   "scmIpSecurityRestrictionsDefaultAction": null,
2026-05-07T04:23:45.2182843Z   "scmIpSecurityRestrictionsUseMain": false,
2026-05-07T04:23:45.2183463Z   "scmMinTlsVersion": "1.2",
2026-05-07T04:23:45.2184142Z   "scmType": "GitHubAction",
2026-05-07T04:23:45.2184601Z   "tags": ***,
2026-05-07T04:23:45.2185007Z   "tracingOptions": null,
2026-05-07T04:23:45.2185457Z   "type": "Microsoft.Web/sites",
2026-05-07T04:23:45.2185947Z   "use32BitWorkerProcess": true,
2026-05-07T04:23:45.2186446Z   "virtualApplications": [
2026-05-07T04:23:45.2187191Z     ***
2026-05-07T04:23:45.2187596Z       "physicalPath": "site\\wwwroot",
2026-05-07T04:23:45.2188117Z       "preloadEnabled": false,
2026-05-07T04:23:45.2188604Z       "virtualDirectories": null,
2026-05-07T04:23:45.2189090Z       "virtualPath": "/"
2026-05-07T04:23:45.2189545Z     ***
2026-05-07T04:23:45.2189900Z   ],
2026-05-07T04:23:45.2190247Z   "vnetName": "",
2026-05-07T04:23:45.2190663Z   "vnetPrivatePortsCount": 0,
2026-05-07T04:23:45.2191144Z   "vnetRouteAllEnabled": false,
2026-05-07T04:23:45.2191624Z   "webSocketsEnabled": false,
2026-05-07T04:23:45.2192091Z   "websiteTimeZone": null,
2026-05-07T04:23:45.2192547Z   "windowsFxVersion": null,
2026-05-07T04:23:45.2193042Z   "xManagedServiceIdentityId": null
2026-05-07T04:23:45.2193578Z ***
2026-05-07T04:23:48.8771600Z [
2026-05-07T04:23:48.8772144Z   ***
2026-05-07T04:23:48.8772527Z     "name": "ALLOWED_HOSTS",
2026-05-07T04:23:48.8773014Z     "slotSetting": false,
2026-05-07T04:23:48.8773440Z     "value": null
2026-05-07T04:23:48.8773820Z   ***,
2026-05-07T04:23:48.8774168Z   ***
2026-05-07T04:23:48.8774559Z     "name": "CSP_UPGRADE_INSECURE_REQUESTS",
2026-05-07T04:23:48.8775091Z     "slotSetting": false,
2026-05-07T04:23:48.8775501Z     "value": null
2026-05-07T04:23:48.8775871Z   ***,
2026-05-07T04:23:48.8776229Z   ***
2026-05-07T04:23:48.8776762Z     "name": "CSRF_COOKIE_SECURE",
2026-05-07T04:23:48.8777229Z     "slotSetting": false,
2026-05-07T04:23:48.8777621Z     "value": null
2026-05-07T04:23:48.8778000Z   ***,
2026-05-07T04:23:48.8778324Z   ***
2026-05-07T04:23:48.8778659Z     "name": "DATABASE_URL",
2026-05-07T04:23:48.8779087Z     "slotSetting": false,
2026-05-07T04:23:48.8779504Z     "value": null
2026-05-07T04:23:48.8779900Z   ***,
2026-05-07T04:23:48.8780223Z   ***
2026-05-07T04:23:48.8780555Z     "name": "DEBUG",
2026-05-07T04:23:48.8780940Z     "slotSetting": false,
2026-05-07T04:23:48.8781334Z     "value": null
2026-05-07T04:23:48.8781673Z   ***,
2026-05-07T04:23:48.8782007Z   ***
2026-05-07T04:23:48.8782379Z     "name": "DEFAULT_FROM_EMAIL",
2026-05-07T04:23:48.8782843Z     "slotSetting": false,
2026-05-07T04:23:48.8783251Z     "value": null
2026-05-07T04:23:48.8849551Z   ***,
2026-05-07T04:23:48.8850193Z   ***
2026-05-07T04:23:48.8850587Z     "name": "EMAIL_BACKEND",
2026-05-07T04:23:48.8851104Z     "slotSetting": false,
2026-05-07T04:23:48.8851545Z     "value": null
2026-05-07T04:23:48.8851929Z   ***,
2026-05-07T04:23:48.8852285Z   ***
2026-05-07T04:23:48.8852648Z     "name": "EMAIL_HOST",
2026-05-07T04:23:48.8853102Z     "slotSetting": false,
2026-05-07T04:23:48.8853535Z     "value": null
2026-05-07T04:23:48.8853918Z   ***,
2026-05-07T04:23:48.8854275Z   ***
2026-05-07T04:23:48.8854657Z     "name": "EMAIL_HOST_PASSWORD",
2026-05-07T04:23:48.8855159Z     "slotSetting": false,
2026-05-07T04:23:48.8855581Z     "value": null
2026-05-07T04:23:48.8855975Z   ***,
2026-05-07T04:23:48.8856332Z   ***
2026-05-07T04:23:48.8856943Z     "name": "EMAIL_HOST_USER",
2026-05-07T04:23:48.8857417Z     "slotSetting": false,
2026-05-07T04:23:48.8857824Z     "value": null
2026-05-07T04:23:48.8858212Z   ***,
2026-05-07T04:23:48.8858562Z   ***
2026-05-07T04:23:48.8858923Z     "name": "EMAIL_PORT",
2026-05-07T04:23:48.8859362Z     "slotSetting": false,
2026-05-07T04:23:48.8859783Z     "value": null
2026-05-07T04:23:48.8860638Z   ***,
2026-05-07T04:23:48.8860988Z   ***
2026-05-07T04:23:48.8861363Z     "name": "EMAIL_USE_TLS",
2026-05-07T04:23:48.8861826Z     "slotSetting": false,
2026-05-07T04:23:48.8862247Z     "value": null
2026-05-07T04:23:48.8862634Z   ***,
2026-05-07T04:23:48.8862970Z   ***
2026-05-07T04:23:48.8863341Z     "name": "ENVIRONMENT",
2026-05-07T04:23:48.8863780Z     "slotSetting": false,
2026-05-07T04:23:48.8864432Z     "value": null
2026-05-07T04:23:48.8864821Z   ***,
2026-05-07T04:23:48.8865159Z   ***
2026-05-07T04:23:48.8865518Z     "name": "EXPO_PUSH_URL",
2026-05-07T04:23:48.8865945Z     "slotSetting": false,
2026-05-07T04:23:48.8866369Z     "value": null
2026-05-07T04:23:48.8866938Z   ***,
2026-05-07T04:23:48.8867290Z   ***
2026-05-07T04:23:48.8867681Z     "name": "FIREBASE_SERVICE_ACCOUNT_JSON",
2026-05-07T04:23:48.8868208Z     "slotSetting": false,
2026-05-07T04:23:48.8868643Z     "value": null
2026-05-07T04:23:48.8869025Z   ***,
2026-05-07T04:23:48.8869384Z   ***
2026-05-07T04:23:48.8869766Z     "name": "FIREBASE_STORAGE_BUCKET",
2026-05-07T04:23:48.8870277Z     "slotSetting": false,
2026-05-07T04:23:48.8870716Z     "value": null
2026-05-07T04:23:48.8871111Z   ***,
2026-05-07T04:23:48.8871469Z   ***
2026-05-07T04:23:48.8871898Z     "name": "PASSKEY_ANDROID_PACKAGE_NAME",
2026-05-07T04:23:48.8872446Z     "slotSetting": false,
2026-05-07T04:23:48.8872885Z     "value": null
2026-05-07T04:23:48.8873294Z   ***,
2026-05-07T04:23:48.8873642Z   ***
2026-05-07T04:23:48.8874030Z     "name": "PASSKEY_ANDROID_SHA256",
2026-05-07T04:23:48.8874533Z     "slotSetting": false,
2026-05-07T04:23:48.8874956Z     "value": null
2026-05-07T04:23:48.8875342Z   ***,
2026-05-07T04:23:48.8875688Z   ***
2026-05-07T04:23:48.8876057Z     "name": "PASSKEY_ORIGIN",
2026-05-07T04:23:48.8876527Z     "slotSetting": false,
2026-05-07T04:23:48.8877184Z     "value": null
2026-05-07T04:23:48.8877579Z   ***,
2026-05-07T04:23:48.8877942Z   ***
2026-05-07T04:23:48.8878322Z     "name": "PASSKEY_RP_ID",
2026-05-07T04:23:48.8878785Z     "slotSetting": false,
2026-05-07T04:23:48.8879235Z     "value": null
2026-05-07T04:23:48.8879619Z   ***,
2026-05-07T04:23:48.8879972Z   ***
2026-05-07T04:23:48.8880348Z     "name": "PASSKEY_RP_NAME",
2026-05-07T04:23:48.8880824Z     "slotSetting": false,
2026-05-07T04:23:48.8881248Z     "value": null
2026-05-07T04:23:48.8881626Z   ***,
2026-05-07T04:23:48.8881978Z   ***
2026-05-07T04:23:48.8882388Z     "name": "SCM_DO_BUILD_DURING_DEPLOYMENT",
2026-05-07T04:23:48.8882940Z     "slotSetting": false,
2026-05-07T04:23:48.8883363Z     "value": null
2026-05-07T04:23:48.8883747Z   ***,
2026-05-07T04:23:48.8884098Z   ***
2026-05-07T04:23:48.8884498Z     "name": "SECURE_HSTS_INCLUDE_SUBDOMAINS",
2026-05-07T04:23:48.8885048Z     "slotSetting": false,
2026-05-07T04:23:48.8885483Z     "value": null
2026-05-07T04:23:48.8885861Z   ***,
2026-05-07T04:23:48.8886198Z   ***
2026-05-07T04:23:48.8886750Z     "name": "SECURE_HSTS_PRELOAD",
2026-05-07T04:23:48.8887246Z     "slotSetting": false,
2026-05-07T04:23:48.8887669Z     "value": null
2026-05-07T04:23:48.8888069Z   ***,
2026-05-07T04:23:48.8888419Z   ***
2026-05-07T04:23:48.8888796Z     "name": "SECURE_HSTS_SECONDS",
2026-05-07T04:23:48.8889277Z     "slotSetting": false,
2026-05-07T04:23:48.8889701Z     "value": null
2026-05-07T04:23:48.8890085Z   ***,
2026-05-07T04:23:48.8890434Z   ***
2026-05-07T04:23:48.8890823Z     "name": "SECURE_SSL_REDIRECT",
2026-05-07T04:23:48.8891314Z     "slotSetting": false,
2026-05-07T04:23:48.8891877Z     "value": null
2026-05-07T04:23:48.8892268Z   ***,
2026-05-07T04:23:48.8892613Z   ***
2026-05-07T04:23:48.8892994Z     "name": "SESSION_COOKIE_SECURE",
2026-05-07T04:23:48.8893505Z     "slotSetting": false,
2026-05-07T04:23:48.8893935Z     "value": null
2026-05-07T04:23:48.8894325Z   ***,
2026-05-07T04:23:48.8894668Z   ***
2026-05-07T04:23:48.8895052Z     "name": "POST_BUILD_COMMAND",
2026-05-07T04:23:48.8895530Z     "slotSetting": false,
2026-05-07T04:23:48.8895951Z     "value": null
2026-05-07T04:23:48.8896338Z   ***
2026-05-07T04:23:50.3130869Z ]
2026-05-07T04:23:50.3209411Z Post job cleanup.
2026-05-07T04:23:50.3636214Z Clearing azure cli accounts from the local cache.
2026-05-07T04:23:50.3652491Z [command]/usr/bin/az account clear
2026-05-07T04:23:50.8420553Z Cleaning up orphan processes
2026-05-07T04:23:50.8779479Z Terminate orphan process: pid (2608) (python3)
2026-05-07T04:23:50.8796412Z ##[warning]Node.js 20 actions are deprecated. The following actions are running on Node.js 20 and may not work as expected: actions/download-artifact@v4, azure/login@v2. Actions will be forced to run with Node.js 24 by default starting June 2nd, 2026. Node.js 20 will be removed from the runner on September 16th, 2026. Please check if updated versions of these actions are available that support Node.js 24. To opt into Node.js 24 now, set the FORCE_JAVASCRIPT_ACTIONS_TO_NODE24=true environment variable on the runner or in your workflow file. Once Node.js 24 becomes the default, you can temporarily opt out by setting ACTIONS_ALLOW_USE_UNSECURE_NODE_VERSION=true. For more information see: https://github.blog/changelog/2025-09-19-deprecation-of-node-20-on-github-actions-runners/
